This file contains any messages produced by compilers while
running configure, to aid debugging if configure makes a mistake.

It was created by libusb configure 1.0.0, which was
generated by GNU Autoconf 2.63.  Invocation command line was

  $ ./configure 

## --------- ##
## Platform. ##
## --------- ##

hostname = builder
uname -m = i686
uname -r = 2.6.18-5-686
uname -s = Linux
uname -v = #1 SMP Mon Dec 24 16:41:07 UTC 2007

/usr/bin/uname -p = unknown
/bin/uname -X     = unknown

/bin/arch              = i686
/usr/bin/arch -k       = unknown
/usr/convex/getsysinfo = unknown
/usr/bin/hostinfo      = unknown
/bin/machine           = unknown
/usr/bin/oslevel       = unknown
/bin/universe          = unknown

PATH: /usr/local/bin
PATH: /usr/bin
PATH: /bin
PATH: /usr/games
PATH: /opt/surfmilo/cross-dev/usr/bin
PATH: /opt/sde6/bin


## ----------- ##
## Core tests. ##
## ----------- ##

configure:2077: checking for a BSD-compatible install
configure:2145: result: /usr/bin/install -c
configure:2156: checking whether build environment is sane
configure:2199: result: yes
configure:2224: checking for a thread-safe mkdir -p
configure:2263: result: /bin/mkdir -p
configure:2276: checking for gawk
configure:2292: found /usr/bin/gawk
configure:2303: result: gawk
configure:2314: checking whether make sets $(MAKE)
configure:2336: result: yes
configure:2573: checking for gcc
configure:2589: found /usr/bin/gcc
configure:2600: result: gcc
configure:2832: checking for C compiler version
configure:2840: gcc --version >&5
gcc (GCC) 4.1.2 20061115 (prerelease) (Debian 4.1.1-21)
Copyright (C) 2006 Free Software Foundation, Inc.
This is free software; see the source for copying conditions.  There is NO
warranty; not even for MERCHANTABILITY or FITNESS FOR A PARTICULAR PURPOSE.

configure:2844: $? = 0
configure:2851: gcc -v >&5
Using built-in specs.
Target: i486-linux-gnu
Configured with: ../src/configure -v --enable-languages=c,c++,fortran,objc,obj-c++,treelang --prefix=/usr --enable-shared --with-system-zlib --libexecdir=/usr/lib --without-included-gettext --enable-threads=posix --enable-nls --program-suffix=-4.1 --enable-__cxa_atexit --enable-clocale=gnu --enable-libstdcxx-debug --enable-mpfr --with-tune=i686 --enable-checking=release i486-linux-gnu
Thread model: posix
gcc version 4.1.2 20061115 (prerelease) (Debian 4.1.1-21)
configure:2855: $? = 0
configure:2862: gcc -V >&5
gcc: '-V' option must have argument
configure:2866: $? = 1
configure:2889: checking for C compiler default output file name
configure:2911: gcc    conftest.c  >&5
configure:2915: $? = 0
configure:2953: result: a.out
configure:2972: checking whether the C compiler works
configure:2982: ./a.out
configure:2986: $? = 0
configure:3005: result: yes
configure:3012: checking whether we are cross compiling
configure:3014: result: no
configure:3017: checking for suffix of executables
configure:3024: gcc -o conftest    conftest.c  >&5
configure:3028: $? = 0
configure:3054: result: 
configure:3060: checking for suffix of object files
configure:3086: gcc -c   conftest.c >&5
configure:3090: $? = 0
configure:3115: result: o
configure:3119: checking whether we are using the GNU C compiler
configure:3148: gcc -c   conftest.c >&5
configure:3155: $? = 0
configure:3172: result: yes
configure:3181: checking whether gcc accepts -g
configure:3211: gcc -c -g  conftest.c >&5
configure:3218: $? = 0
configure:3319: result: yes
configure:3336: checking for gcc option to accept ISO C89
configure:3410: gcc  -c -g -O2  conftest.c >&5
configure:3417: $? = 0
configure:3440: result: none needed
configure:3469: checking for style of include used by make
configure:3497: result: GNU
configure:3522: checking dependency style of gcc
configure:3613: result: gcc3
configure:3659: checking build system type
configure:3677: result: i686-pc-linux-gnu
configure:3699: checking host system type
configure:3714: result: i686-pc-linux-gnu
configure:3736: checking for a sed that does not truncate output
configure:3802: result: /bin/sed
configure:3820: checking for grep that handles long lines and -e
configure:3880: result: /bin/grep
configure:3885: checking for egrep
configure:3949: result: /bin/grep -E
configure:3954: checking for fgrep
configure:4018: result: /bin/grep -F
configure:4053: checking for ld used by gcc
configure:4120: result: /usr/bin/ld
configure:4129: checking if the linker (/usr/bin/ld) is GNU ld
configure:4144: result: yes
configure:4156: checking for BSD- or MS-compatible name lister (nm)
configure:4205: result: /usr/bin/nm -B
configure:4323: checking the name lister (/usr/bin/nm -B) interface
configure:4330: gcc -c -g -O2  conftest.c >&5
configure:4333: /usr/bin/nm -B "conftest.o"
configure:4336: output
00000000 B some_variable
configure:4343: result: BSD nm
configure:4346: checking whether ln -s works
configure:4350: result: yes
configure:4358: checking the maximum length of command line arguments
configure:4478: result: 98304
configure:4495: checking whether the shell understands some XSI constructs
configure:4505: result: yes
configure:4509: checking whether the shell understands "+="
configure:4515: result: yes
configure:4550: checking for /usr/bin/ld option to reload object files
configure:4557: result: -r
configure:4626: checking for objdump
configure:4642: found /usr/bin/objdump
configure:4653: result: objdump
configure:4685: checking how to recognize dependent libraries
configure:4881: result: pass_all
configure:4941: checking for ar
configure:4957: found /usr/bin/ar
configure:4968: result: ar
configure:5046: checking for strip
configure:5062: found /usr/bin/strip
configure:5073: result: strip
configure:5145: checking for ranlib
configure:5161: found /usr/bin/ranlib
configure:5172: result: ranlib
configure:5262: checking command to parse /usr/bin/nm -B output from gcc object
configure:5380: gcc -c -g -O2  conftest.c >&5
configure:5383: $? = 0
configure:5387: /usr/bin/nm -B conftest.o \| sed -n -e 's/^.*[	 ]\([ABCDGIRSTW][ABCDGIRSTW]*\)[	 ][	 ]*\([_A-Za-z][_A-Za-z0-9]*\)$/\1 \2 \2/p' \> conftest.nm
configure:5390: $? = 0
configure:5444: gcc -o conftest -g -O2   conftest.c conftstm.o >&5
configure:5447: $? = 0
configure:5485: result: ok
configure:6352: checking how to run the C preprocessor
configure:6392: gcc -E  conftest.c
configure:6399: $? = 0
configure:6430: gcc -E  conftest.c
conftest.c:10:28: error: ac_nonexistent.h: No such file or directory
configure:6437: $? = 1
configure: failed program was:
| /* confdefs.h.  */
| #define PACKAGE_NAME "libusb"
| #define PACKAGE_TARNAME "libusb"
| #define PACKAGE_VERSION "1.0.0"
| #define PACKAGE_STRING "libusb 1.0.0"
| #define PACKAGE_BUGREPORT ""
| #define PACKAGE "libusb"
| #define VERSION "1.0.0"
| /* end confdefs.h.  */
| #include <ac_nonexistent.h>
configure:6470: result: gcc -E
configure:6499: gcc -E  conftest.c
configure:6506: $? = 0
configure:6537: gcc -E  conftest.c
conftest.c:10:28: error: ac_nonexistent.h: No such file or directory
configure:6544: $? = 1
configure: failed program was:
| /* confdefs.h.  */
| #define PACKAGE_NAME "libusb"
| #define PACKAGE_TARNAME "libusb"
| #define PACKAGE_VERSION "1.0.0"
| #define PACKAGE_STRING "libusb 1.0.0"
| #define PACKAGE_BUGREPORT ""
| #define PACKAGE "libusb"
| #define VERSION "1.0.0"
| /* end confdefs.h.  */
| #include <ac_nonexistent.h>
configure:6584: checking for ANSI C header files
configure:6614: gcc -c -g -O2  conftest.c >&5
configure:6621: $? = 0
configure:6720: gcc -o conftest -g -O2   conftest.c  >&5
configure:6724: $? = 0
configure:6730: ./conftest
configure:6734: $? = 0
configure:6752: result: yes
configure:6776: checking for sys/types.h
configure:6797: gcc -c -g -O2  conftest.c >&5
configure:6804: $? = 0
configure:6821: result: yes
configure:6776: checking for sys/stat.h
configure:6797: gcc -c -g -O2  conftest.c >&5
configure:6804: $? = 0
configure:6821: result: yes
configure:6776: checking for stdlib.h
configure:6797: gcc -c -g -O2  conftest.c >&5
configure:6804: $? = 0
configure:6821: result: yes
configure:6776: checking for string.h
configure:6797: gcc -c -g -O2  conftest.c >&5
configure:6804: $? = 0
configure:6821: result: yes
configure:6776: checking for memory.h
configure:6797: gcc -c -g -O2  conftest.c >&5
configure:6804: $? = 0
configure:6821: result: yes
configure:6776: checking for strings.h
configure:6797: gcc -c -g -O2  conftest.c >&5
configure:6804: $? = 0
configure:6821: result: yes
configure:6776: checking for inttypes.h
configure:6797: gcc -c -g -O2  conftest.c >&5
configure:6804: $? = 0
configure:6821: result: yes
configure:6776: checking for stdint.h
configure:6797: gcc -c -g -O2  conftest.c >&5
configure:6804: $? = 0
configure:6821: result: yes
configure:6776: checking for unistd.h
configure:6797: gcc -c -g -O2  conftest.c >&5
configure:6804: $? = 0
configure:6821: result: yes
configure:6839: checking for dlfcn.h
configure:6860: gcc -c -g -O2  conftest.c >&5
configure:6867: $? = 0
configure:6884: result: yes
configure:7070: checking for objdir
configure:7085: result: .libs
configure:7377: checking if gcc supports -fno-rtti -fno-exceptions
configure:7395: gcc -c -g -O2  -fno-rtti -fno-exceptions conftest.c >&5
cc1: warning: command line option "-fno-rtti" is valid for C++/ObjC++ but not for C
configure:7399: $? = 0
configure:7412: result: no
configure:7432: checking for gcc option to produce PIC
configure:7704: result: -fPIC -DPIC
configure:7716: checking if gcc PIC flag -fPIC -DPIC works
configure:7734: gcc -c -g -O2  -fPIC -DPIC -DPIC conftest.c >&5
configure:7738: $? = 0
configure:7751: result: yes
configure:7775: checking if gcc static flag -static works
configure:7803: result: yes
configure:7818: checking if gcc supports -c -o file.o
configure:7839: gcc -c -g -O2  -o out/conftest2.o conftest.c >&5
configure:7843: $? = 0
configure:7865: result: yes
configure:7873: checking if gcc supports -c -o file.o
configure:7920: result: yes
configure:7953: checking whether the gcc linker (/usr/bin/ld) supports shared libraries
configure:9027: result: yes
configure:9064: checking whether -lc should be explicitly linked in
configure:9069: gcc -c -g -O2  conftest.c >&5
configure:9072: $? = 0
configure:9087: gcc -shared conftest.o  -v -Wl,-soname -Wl,conftest -o conftest 2\>\&1 \| /bin/grep  -lc  \>/dev/null 2\>\&1
configure:9090: $? = 0
configure:9102: result: no
configure:9266: checking dynamic linker characteristics
configure:9722: gcc -o conftest -g -O2   -Wl,-rpath -Wl,/foo conftest.c  >&5
configure:9729: $? = 0
configure:9962: result: GNU/Linux ld.so
configure:10064: checking how to hardcode library paths into programs
configure:10089: result: immediate
configure:10922: checking whether stripping libraries is possible
configure:10927: result: yes
configure:10962: checking if libtool supports shared libraries
configure:10964: result: yes
configure:10967: checking whether to build shared libraries
configure:10988: result: yes
configure:10991: checking whether to build static libraries
configure:10995: result: yes
configure:11030: checking for inline
configure:11056: gcc -c -g -O2  conftest.c >&5
configure:11063: $? = 0
configure:11081: result: inline
configure:11101: checking whether gcc and cc understand -c and -o together
configure:11136: gcc -c conftest.c -o conftest2.o >&5
configure:11140: $? = 0
configure:11146: gcc -c conftest.c -o conftest2.o >&5
configure:11150: $? = 0
configure:11161: cc -c conftest.c >&5
configure:11165: $? = 0
configure:11173: cc -c conftest.c -o conftest2.o >&5
configure:11177: $? = 0
configure:11183: cc -c conftest.c -o conftest2.o >&5
configure:11187: $? = 0
configure:11205: result: yes
configure:11238: checking operating system
configure:11248: result: Linux
configure:11347: gcc -c -g -O2 -fgnu89-inline  conftest.c >&5
cc1: error: unrecognized command line option "-fgnu89-inline"
configure:11354: $? = 1
configure: failed program was:
| /* confdefs.h.  */
| #define PACKAGE_NAME "libusb"
| #define PACKAGE_TARNAME "libusb"
| #define PACKAGE_VERSION "1.0.0"
| #define PACKAGE_STRING "libusb 1.0.0"
| #define PACKAGE_BUGREPORT ""
| #define PACKAGE "libusb"
| #define VERSION "1.0.0"
| #define STDC_HEADERS 1
| #define HAVE_SYS_TYPES_H 1
| #define HAVE_SYS_STAT_H 1
| #define HAVE_STDLIB_H 1
| #define HAVE_STRING_H 1
| #define HAVE_MEMORY_H 1
| #define HAVE_STRINGS_H 1
| #define HAVE_INTTYPES_H 1
| #define HAVE_STDINT_H 1
| #define HAVE_UNISTD_H 1
| #define HAVE_DLFCN_H 1
| #define LT_OBJDIR ".libs/"
| #define _GNU_SOURCE /**/
| #define OS_LINUX /**/
| #define ENABLE_LOGGING 1
| /* end confdefs.h.  */
| 
| int
| main ()
| {
| 
|   ;
|   return 0;
| }
configure:11510: creating ./config.status

## ---------------------- ##
## Running config.status. ##
## ---------------------- ##

This file was extended by libusb config.status 1.0.0, which was
generated by GNU Autoconf 2.63.  Invocation command line was

  CONFIG_FILES    = 
  CONFIG_HEADERS  = 
  CONFIG_LINKS    = 
  CONFIG_COMMANDS = 
  $ ./config.status 

on builder

config.status:999: creating libusb-1.0.pc
config.status:999: creating Makefile
config.status:999: creating libusb/Makefile
config.status:999: creating examples/Makefile
config.status:999: creating doc/Makefile
config.status:999: creating doc/doxygen.cfg
config.status:999: creating config.h
config.status:1273: executing depfiles commands
config.status:1273: executing libtool commands

## ---------------- ##
## Cache variables. ##
## ---------------- ##

ac_cv_build=i686-pc-linux-gnu
ac_cv_c_compiler_gnu=yes
ac_cv_c_inline=inline
ac_cv_env_CC_set=
ac_cv_env_CC_value=
ac_cv_env_CFLAGS_set=
ac_cv_env_CFLAGS_value=
ac_cv_env_CPPFLAGS_set=
ac_cv_env_CPPFLAGS_value=
ac_cv_env_CPP_set=
ac_cv_env_CPP_value=
ac_cv_env_LDFLAGS_set=
ac_cv_env_LDFLAGS_value=
ac_cv_env_LIBS_set=
ac_cv_env_LIBS_value=
ac_cv_env_build_alias_set=
ac_cv_env_build_alias_value=
ac_cv_env_host_alias_set=
ac_cv_env_host_alias_value=
ac_cv_env_target_alias_set=
ac_cv_env_target_alias_value=
ac_cv_header_dlfcn_h=yes
ac_cv_header_inttypes_h=yes
ac_cv_header_memory_h=yes
ac_cv_header_stdc=yes
ac_cv_header_stdint_h=yes
ac_cv_header_stdlib_h=yes
ac_cv_header_string_h=yes
ac_cv_header_strings_h=yes
ac_cv_header_sys_stat_h=yes
ac_cv_header_sys_types_h=yes
ac_cv_header_unistd_h=yes
ac_cv_host=i686-pc-linux-gnu
ac_cv_objext=o
ac_cv_path_EGREP='/bin/grep -E'
ac_cv_path_FGREP='/bin/grep -F'
ac_cv_path_GREP=/bin/grep
ac_cv_path_SED=/bin/sed
ac_cv_path_install='/usr/bin/install -c'
ac_cv_path_mkdir=/bin/mkdir
ac_cv_prog_AWK=gawk
ac_cv_prog_CPP='gcc -E'
ac_cv_prog_ac_ct_AR=ar
ac_cv_prog_ac_ct_CC=gcc
ac_cv_prog_ac_ct_OBJDUMP=objdump
ac_cv_prog_ac_ct_RANLIB=ranlib
ac_cv_prog_ac_ct_STRIP=strip
ac_cv_prog_cc_c89=
ac_cv_prog_cc_g=yes
ac_cv_prog_cc_gcc_c_o=yes
ac_cv_prog_make_make_set=yes
am_cv_CC_dependencies_compiler_type=gcc3
lt_cv_deplibs_check_method=pass_all
lt_cv_file_magic_cmd='$MAGIC_CMD'
lt_cv_file_magic_test_file=
lt_cv_ld_reload_flag=-r
lt_cv_nm_interface='BSD nm'
lt_cv_objdir=.libs
lt_cv_path_LD=/usr/bin/ld
lt_cv_path_NM='/usr/bin/nm -B'
lt_cv_prog_compiler_c_o=yes
lt_cv_prog_compiler_pic_works=yes
lt_cv_prog_compiler_rtti_exceptions=no
lt_cv_prog_compiler_static_works=yes
lt_cv_prog_gnu_ld=yes
lt_cv_sys_global_symbol_pipe='sed -n -e '\''s/^.*[	 ]\([ABCDGIRSTW][ABCDGIRSTW]*\)[	 ][	 ]*\([_A-Za-z][_A-Za-z0-9]*\)$/\1 \2 \2/p'\'''
lt_cv_sys_global_symbol_to_c_name_address='sed -n -e '\''s/^: \([^ ]*\) $/  {\"\1\", (void *) 0},/p'\'' -e '\''s/^[ABCDGIRSTW]* \([^ ]*\) \([^ ]*\)$/  {"\2", (void *) \&\2},/p'\'''
lt_cv_sys_global_symbol_to_c_name_address_lib_prefix='sed -n -e '\''s/^: \([^ ]*\) $/  {\"\1\", (void *) 0},/p'\'' -e '\''s/^[ABCDGIRSTW]* \([^ ]*\) \(lib[^ ]*\)$/  {"\2", (void *) \&\2},/p'\'' -e '\''s/^[ABCDGIRSTW]* \([^ ]*\) \([^ ]*\)$/  {"lib\2", (void *) \&\2},/p'\'''
lt_cv_sys_global_symbol_to_cdecl='sed -n -e '\''s/^T .* \(.*\)$/extern int \1();/p'\'' -e '\''s/^[ABCDGIRSTW]* .* \(.*\)$/extern char \1;/p'\'''
lt_cv_sys_max_cmd_len=98304

## ----------------- ##
## Output variables. ##
## ----------------- ##

ACLOCAL='${SHELL} /home/steven/cvs/RT288x_SDK/source/lib/libusb-1.0.0/missing --run aclocal-1.10'
AMDEPBACKSLASH='\'
AMDEP_FALSE='#'
AMDEP_TRUE=''
AMTAR='${SHELL} /home/steven/cvs/RT288x_SDK/source/lib/libusb-1.0.0/missing --run tar'
AM_CFLAGS='-std=gnu99  -Wall -Wundef -Wunused -Wstrict-prototypes -Werror-implicit-function-declaration -Wno-pointer-sign -Wshadow'
AR='ar'
AUTOCONF='${SHELL} /home/steven/cvs/RT288x_SDK/source/lib/libusb-1.0.0/missing --run autoconf'
AUTOHEADER='${SHELL} /home/steven/cvs/RT288x_SDK/source/lib/libusb-1.0.0/missing --run autoheader'
AUTOMAKE='${SHELL} /home/steven/cvs/RT288x_SDK/source/lib/libusb-1.0.0/missing --run automake-1.10'
AWK='gawk'
BUILD_EXAMPLES_FALSE=''
BUILD_EXAMPLES_TRUE='#'
CC='gcc'
CCDEPMODE='depmode=gcc3'
CFLAGS='-g -O2'
CPP='gcc -E'
CPPFLAGS=''
CYGPATH_W='echo'
DEFS='-DHAVE_CONFIG_H'
DEPDIR='.deps'
DSYMUTIL=''
DUMPBIN=''
ECHO_C=''
ECHO_N='-n'
ECHO_T=''
EGREP='/bin/grep -E'
EXEEXT=''
FGREP='/bin/grep -F'
GREP='/bin/grep'
INSTALL_DATA='${INSTALL} -m 644'
INSTALL_PROGRAM='${INSTALL}'
INSTALL_SCRIPT='${INSTALL}'
INSTALL_STRIP_PROGRAM='$(install_sh) -c -s'
LD='/usr/bin/ld'
LDFLAGS=''
LIBOBJS=''
LIBS=''
LIBTOOL='$(SHELL) $(top_builddir)/libtool'
LIPO=''
LN_S='ln -s'
LTLIBOBJS=''
MAKEINFO='${SHELL} /home/steven/cvs/RT288x_SDK/source/lib/libusb-1.0.0/missing --run makeinfo'
MKDIR_P='/bin/mkdir -p'
NM='/usr/bin/nm -B'
NMEDIT=''
OBJDUMP='objdump'
OBJEXT='o'
OS_LINUX=''
OS_LINUX_FALSE='#'
OS_LINUX_TRUE=''
OTOOL64=''
OTOOL=''
PACKAGE='libusb'
PACKAGE_BUGREPORT=''
PACKAGE_NAME='libusb'
PACKAGE_STRING='libusb 1.0.0'
PACKAGE_TARNAME='libusb'
PACKAGE_VERSION='1.0.0'
PATH_SEPARATOR=':'
RANLIB='ranlib'
SED='/bin/sed'
SET_MAKE=''
SHELL='/bin/sh'
STRIP='strip'
VERSION='1.0.0'
ac_ct_CC='gcc'
ac_ct_DUMPBIN=''
am__fastdepCC_FALSE='#'
am__fastdepCC_TRUE=''
am__include='include'
am__isrc=''
am__leading_dot='.'
am__quote=''
am__tar='${AMTAR} chof - "$$tardir"'
am__untar='${AMTAR} xf -'
bindir='${exec_prefix}/bin'
build='i686-pc-linux-gnu'
build_alias=''
build_cpu='i686'
build_os='linux-gnu'
build_vendor='pc'
datadir='${datarootdir}'
datarootdir='${prefix}/share'
docdir='${datarootdir}/doc/${PACKAGE_TARNAME}'
dvidir='${docdir}'
exec_prefix='${prefix}'
host='i686-pc-linux-gnu'
host_alias=''
host_cpu='i686'
host_os='linux-gnu'
host_vendor='pc'
htmldir='${docdir}'
includedir='${prefix}/include'
infodir='${datarootdir}/info'
install_sh='$(SHELL) /home/steven/cvs/RT288x_SDK/source/lib/libusb-1.0.0/install-sh'
libdir='${exec_prefix}/lib'
libexecdir='${exec_prefix}/libexec'
localedir='${datarootdir}/locale'
localstatedir='${prefix}/var'
lt_ECHO='echo'
lt_age='0'
lt_major='0'
lt_revision='0'
mandir='${datarootdir}/man'
mkdir_p='/bin/mkdir -p'
oldincludedir='/usr/include'
pdfdir='${docdir}'
prefix='/usr/local'
program_transform_name='s,x,x,'
psdir='${docdir}'
sbindir='${exec_prefix}/sbin'
sharedstatedir='${prefix}/com'
sysconfdir='${prefix}/etc'
target_alias=''

## ----------- ##
## confdefs.h. ##
## ----------- ##

#define PACKAGE_NAME "libusb"
#define PACKAGE_TARNAME "libusb"
#define PACKAGE_VERSION "1.0.0"
#define PACKAGE_STRING "libusb 1.0.0"
#define PACKAGE_BUGREPORT ""
#define PACKAGE "libusb"
#define VERSION "1.0.0"
#define STDC_HEADERS 1
#define HAVE_SYS_TYPES_H 1
#define HAVE_SYS_STAT_H 1
#define HAVE_STDLIB_H 1
#define HAVE_STRING_H 1
#define HAVE_MEMORY_H 1
#define HAVE_STRINGS_H 1
#define HAVE_INTTYPES_H 1
#define HAVE_STDINT_H 1
#define HAVE_UNISTD_H 1
#define HAVE_DLFCN_H 1
#define LT_OBJDIR ".libs/"
#define _GNU_SOURCE /**/
#define OS_LINUX /**/
#define ENABLE_LOGGING 1
#define API_EXPORTED __attribute__((visibility("default")))

configure: exit 0
