This file contains any messages produced by compilers while
running configure, to aid debugging if configure makes a mistake.

It was created by configure, which was
generated by GNU Autoconf 2.63.  Invocation command line was

  $ ./configure 

## --------- ##
## Platform. ##
## --------- ##

hostname = builder
uname -m = i686
uname -r = 2.6.18-5-686
uname -s = Linux
uname -v = #1 SMP Mon Dec 24 16:41:07 UTC 2007

/usr/bin/uname -p = unknown
/bin/uname -X     = unknown

/bin/arch              = i686
/usr/bin/arch -k       = unknown
/usr/convex/getsysinfo = unknown
/usr/bin/hostinfo      = unknown
/bin/machine           = unknown
/usr/bin/oslevel       = unknown
/bin/universe          = unknown

PATH: /usr/local/bin
PATH: /usr/bin
PATH: /bin
PATH: /usr/games
PATH: /opt/surfmilo/cross-dev/usr/bin
PATH: /opt/sde6/bin
PATH: /opt/buildroot-gcc342/bin


## ----------- ##
## Core tests. ##
## ----------- ##

configure:1893: checking for a BSD-compatible install
configure:1961: result: /usr/bin/install -c
configure:1972: checking whether build environment is sane
configure:2015: result: yes
configure:2040: checking for a thread-safe mkdir -p
configure:2079: result: /bin/mkdir -p
configure:2092: checking for gawk
configure:2108: found /usr/bin/gawk
configure:2119: result: gawk
configure:2130: checking whether make sets $(MAKE)
configure:2152: result: yes
configure:2352: checking whether build environment is sane
configure:2395: result: yes
configure:2397: checking whether to enable maintainer-specific portions of Makefiles
configure:2406: result: no
configure:2424: checking for gawk
configure:2451: result: gawk
configure:2510: checking for gcc
configure:2526: found /usr/bin/gcc
configure:2537: result: gcc
configure:2769: checking for C compiler version
configure:2777: gcc --version >&5
gcc (GCC) 4.1.2 20061115 (prerelease) (Debian 4.1.1-21)
Copyright (C) 2006 Free Software Foundation, Inc.
This is free software; see the source for copying conditions.  There is NO
warranty; not even for MERCHANTABILITY or FITNESS FOR A PARTICULAR PURPOSE.

configure:2781: $? = 0
configure:2788: gcc -v >&5
Using built-in specs.
Target: i486-linux-gnu
Configured with: ../src/configure -v --enable-languages=c,c++,fortran,objc,obj-c++,treelang --prefix=/usr --enable-shared --with-system-zlib --libexecdir=/usr/lib --without-included-gettext --enable-threads=posix --enable-nls --program-suffix=-4.1 --enable-__cxa_atexit --enable-clocale=gnu --enable-libstdcxx-debug --enable-mpfr --with-tune=i686 --enable-checking=release i486-linux-gnu
Thread model: posix
gcc version 4.1.2 20061115 (prerelease) (Debian 4.1.1-21)
configure:2792: $? = 0
configure:2799: gcc -V >&5
gcc: '-V' option must have argument
configure:2803: $? = 1
configure:2826: checking for C compiler default output file name
configure:2848: gcc    conftest.c  >&5
configure:2852: $? = 0
configure:2890: result: a.out
configure:2909: checking whether the C compiler works
configure:2919: ./a.out
configure:2923: $? = 0
configure:2942: result: yes
configure:2949: checking whether we are cross compiling
configure:2951: result: no
configure:2954: checking for suffix of executables
configure:2961: gcc -o conftest    conftest.c  >&5
configure:2965: $? = 0
configure:2991: result: 
configure:2997: checking for suffix of object files
configure:3023: gcc -c   conftest.c >&5
configure:3027: $? = 0
configure:3052: result: o
configure:3056: checking whether we are using the GNU C compiler
configure:3085: gcc -c   conftest.c >&5
configure:3092: $? = 0
configure:3109: result: yes
configure:3118: checking whether gcc accepts -g
configure:3148: gcc -c -g  conftest.c >&5
configure:3155: $? = 0
configure:3256: result: yes
configure:3273: checking for gcc option to accept ISO C89
configure:3347: gcc  -c -g -O2  conftest.c >&5
configure:3354: $? = 0
configure:3377: result: none needed
configure:3406: checking for style of include used by make
configure:3434: result: GNU
configure:3459: checking dependency style of gcc
configure:3550: result: gcc3
configure:3579: checking for a BSD-compatible install
configure:3647: result: /usr/bin/install -c
configure:3661: checking for sendmail
configure:3679: found /usr/sbin/sendmail
configure:3692: result: /usr/sbin/sendmail
configure:3718: checking for dirent.h that defines DIR
configure:3747: gcc -c -g -O2  conftest.c >&5
configure:3754: $? = 0
configure:3771: result: yes
configure:3786: checking for library containing opendir
configure:3827: gcc -o conftest -g -O2   conftest.c  >&5
configure:3834: $? = 0
configure:3865: result: none required
configure:3968: checking how to run the C preprocessor
configure:4008: gcc -E  conftest.c
configure:4015: $? = 0
configure:4046: gcc -E  conftest.c
conftest.c:14:28: error: ac_nonexistent.h: No such file or directory
configure:4053: $? = 1
configure: failed program was:
| /* confdefs.h.  */
| #define PACKAGE_NAME ""
| #define PACKAGE_TARNAME ""
| #define PACKAGE_VERSION ""
| #define PACKAGE_STRING ""
| #define PACKAGE_BUGREPORT ""
| #define PACKAGE "watchdog"
| #define VERSION "5.6"
| #define MAJOR_VERSION 5
| #define MINOR_VERSION 6
| #define PATH_SENDMAIL "/usr/sbin/sendmail"
| #define HAVE_DIRENT_H 1
| /* end confdefs.h.  */
| #include <ac_nonexistent.h>
configure:4086: result: gcc -E
configure:4115: gcc -E  conftest.c
configure:4122: $? = 0
configure:4153: gcc -E  conftest.c
conftest.c:14:28: error: ac_nonexistent.h: No such file or directory
configure:4160: $? = 1
configure: failed program was:
| /* confdefs.h.  */
| #define PACKAGE_NAME ""
| #define PACKAGE_TARNAME ""
| #define PACKAGE_VERSION ""
| #define PACKAGE_STRING ""
| #define PACKAGE_BUGREPORT ""
| #define PACKAGE "watchdog"
| #define VERSION "5.6"
| #define MAJOR_VERSION 5
| #define MINOR_VERSION 6
| #define PATH_SENDMAIL "/usr/sbin/sendmail"
| #define HAVE_DIRENT_H 1
| /* end confdefs.h.  */
| #include <ac_nonexistent.h>
configure:4200: checking for grep that handles long lines and -e
configure:4260: result: /bin/grep
configure:4265: checking for egrep
configure:4329: result: /bin/grep -E
configure:4334: checking for ANSI C header files
configure:4364: gcc -c -g -O2  conftest.c >&5
configure:4371: $? = 0
configure:4470: gcc -o conftest -g -O2   conftest.c  >&5
configure:4474: $? = 0
configure:4480: ./conftest
configure:4484: $? = 0
configure:4502: result: yes
configure:4512: checking for sys/wait.h that is POSIX.1 compatible
configure:4548: gcc -c -g -O2  conftest.c >&5
configure:4555: $? = 0
configure:4570: result: yes
configure:4594: checking for sys/types.h
configure:4615: gcc -c -g -O2  conftest.c >&5
configure:4622: $? = 0
configure:4639: result: yes
configure:4594: checking for sys/stat.h
configure:4615: gcc -c -g -O2  conftest.c >&5
configure:4622: $? = 0
configure:4639: result: yes
configure:4594: checking for stdlib.h
configure:4615: gcc -c -g -O2  conftest.c >&5
configure:4622: $? = 0
configure:4639: result: yes
configure:4594: checking for string.h
configure:4615: gcc -c -g -O2  conftest.c >&5
configure:4622: $? = 0
configure:4639: result: yes
configure:4594: checking for memory.h
configure:4615: gcc -c -g -O2  conftest.c >&5
configure:4622: $? = 0
configure:4639: result: yes
configure:4594: checking for strings.h
configure:4615: gcc -c -g -O2  conftest.c >&5
configure:4622: $? = 0
configure:4639: result: yes
configure:4594: checking for inttypes.h
configure:4615: gcc -c -g -O2  conftest.c >&5
configure:4622: $? = 0
configure:4639: result: yes
configure:4594: checking for stdint.h
configure:4615: gcc -c -g -O2  conftest.c >&5
configure:4622: $? = 0
configure:4639: result: yes
configure:4594: checking for unistd.h
configure:4615: gcc -c -g -O2  conftest.c >&5
configure:4622: $? = 0
configure:4639: result: yes
configure:4675: checking fcntl.h usability
configure:4692: gcc -c -g -O2  conftest.c >&5
configure:4699: $? = 0
configure:4713: result: yes
configure:4717: checking fcntl.h presence
configure:4732: gcc -E  conftest.c
configure:4739: $? = 0
configure:4753: result: yes
configure:4781: checking for fcntl.h
configure:4790: result: yes
configure:4675: checking limits.h usability
configure:4692: gcc -c -g -O2  conftest.c >&5
configure:4699: $? = 0
configure:4713: result: yes
configure:4717: checking limits.h presence
configure:4732: gcc -E  conftest.c
configure:4739: $? = 0
configure:4753: result: yes
configure:4781: checking for limits.h
configure:4790: result: yes
configure:4675: checking paths.h usability
configure:4692: gcc -c -g -O2  conftest.c >&5
configure:4699: $? = 0
configure:4713: result: yes
configure:4717: checking paths.h presence
configure:4732: gcc -E  conftest.c
configure:4739: $? = 0
configure:4753: result: yes
configure:4781: checking for paths.h
configure:4790: result: yes
configure:4675: checking sys/ioctl.h usability
configure:4692: gcc -c -g -O2  conftest.c >&5
configure:4699: $? = 0
configure:4713: result: yes
configure:4717: checking sys/ioctl.h presence
configure:4732: gcc -E  conftest.c
configure:4739: $? = 0
configure:4753: result: yes
configure:4781: checking for sys/ioctl.h
configure:4790: result: yes
configure:4675: checking sys/time.h usability
configure:4692: gcc -c -g -O2  conftest.c >&5
configure:4699: $? = 0
configure:4713: result: yes
configure:4717: checking sys/time.h presence
configure:4732: gcc -E  conftest.c
configure:4739: $? = 0
configure:4753: result: yes
configure:4781: checking for sys/time.h
configure:4790: result: yes
configure:4675: checking syslog.h usability
configure:4692: gcc -c -g -O2  conftest.c >&5
configure:4699: $? = 0
configure:4713: result: yes
configure:4717: checking syslog.h presence
configure:4732: gcc -E  conftest.c
configure:4739: $? = 0
configure:4753: result: yes
configure:4781: checking for syslog.h
configure:4790: result: yes
configure:4664: checking for unistd.h
configure:4671: result: yes
configure:4806: checking for an ANSI C-conforming const
configure:4881: gcc -c -g -O2  conftest.c >&5
configure:4888: $? = 0
configure:4903: result: yes
configure:4913: checking for inline
configure:4939: gcc -c -g -O2  conftest.c >&5
configure:4946: $? = 0
configure:4964: result: inline
configure:4983: checking for pid_t
configure:5011: gcc -c -g -O2  conftest.c >&5
configure:5018: $? = 0
configure:5045: gcc -c -g -O2  conftest.c >&5
conftest.c: In function 'main':
conftest.c:68: error: expected expression before ')' token
configure:5052: $? = 1
configure: failed program was:
| /* confdefs.h.  */
| #define PACKAGE_NAME ""
| #define PACKAGE_TARNAME ""
| #define PACKAGE_VERSION ""
| #define PACKAGE_STRING ""
| #define PACKAGE_BUGREPORT ""
| #define PACKAGE "watchdog"
| #define VERSION "5.6"
| #define MAJOR_VERSION 5
| #define MINOR_VERSION 6
| #define PATH_SENDMAIL "/usr/sbin/sendmail"
| #define HAVE_DIRENT_H 1
| #define STDC_HEADERS 1
| #define HAVE_SYS_WAIT_H 1
| #define HAVE_SYS_TYPES_H 1
| #define HAVE_SYS_STAT_H 1
| #define HAVE_STDLIB_H 1
| #define HAVE_STRING_H 1
| #define HAVE_MEMORY_H 1
| #define HAVE_STRINGS_H 1
| #define HAVE_INTTYPES_H 1
| #define HAVE_STDINT_H 1
| #define HAVE_UNISTD_H 1
| #define HAVE_FCNTL_H 1
| #define HAVE_LIMITS_H 1
| #define HAVE_PATHS_H 1
| #define HAVE_SYS_IOCTL_H 1
| #define HAVE_SYS_TIME_H 1
| #define HAVE_SYSLOG_H 1
| #define HAVE_UNISTD_H 1
| /* end confdefs.h.  */
| #include <stdio.h>
| #ifdef HAVE_SYS_TYPES_H
| # include <sys/types.h>
| #endif
| #ifdef HAVE_SYS_STAT_H
| # include <sys/stat.h>
| #endif
| #ifdef STDC_HEADERS
| # include <stdlib.h>
| # include <stddef.h>
| #else
| # ifdef HAVE_STDLIB_H
| #  include <stdlib.h>
| # endif
| #endif
| #ifdef HAVE_STRING_H
| # if !defined STDC_HEADERS && defined HAVE_MEMORY_H
| #  include <memory.h>
| # endif
| # include <string.h>
| #endif
| #ifdef HAVE_STRINGS_H
| # include <strings.h>
| #endif
| #ifdef HAVE_INTTYPES_H
| # include <inttypes.h>
| #endif
| #ifdef HAVE_STDINT_H
| # include <stdint.h>
| #endif
| #ifdef HAVE_UNISTD_H
| # include <unistd.h>
| #endif
| int
| main ()
| {
| if (sizeof ((pid_t)))
| 	  return 0;
|   ;
|   return 0;
| }
configure:5075: result: yes
configure:5087: checking for size_t
configure:5115: gcc -c -g -O2  conftest.c >&5
configure:5122: $? = 0
configure:5149: gcc -c -g -O2  conftest.c >&5
conftest.c: In function 'main':
conftest.c:68: error: expected expression before ')' token
configure:5156: $? = 1
configure: failed program was:
| /* confdefs.h.  */
| #define PACKAGE_NAME ""
| #define PACKAGE_TARNAME ""
| #define PACKAGE_VERSION ""
| #define PACKAGE_STRING ""
| #define PACKAGE_BUGREPORT ""
| #define PACKAGE "watchdog"
| #define VERSION "5.6"
| #define MAJOR_VERSION 5
| #define MINOR_VERSION 6
| #define PATH_SENDMAIL "/usr/sbin/sendmail"
| #define HAVE_DIRENT_H 1
| #define STDC_HEADERS 1
| #define HAVE_SYS_WAIT_H 1
| #define HAVE_SYS_TYPES_H 1
| #define HAVE_SYS_STAT_H 1
| #define HAVE_STDLIB_H 1
| #define HAVE_STRING_H 1
| #define HAVE_MEMORY_H 1
| #define HAVE_STRINGS_H 1
| #define HAVE_INTTYPES_H 1
| #define HAVE_STDINT_H 1
| #define HAVE_UNISTD_H 1
| #define HAVE_FCNTL_H 1
| #define HAVE_LIMITS_H 1
| #define HAVE_PATHS_H 1
| #define HAVE_SYS_IOCTL_H 1
| #define HAVE_SYS_TIME_H 1
| #define HAVE_SYSLOG_H 1
| #define HAVE_UNISTD_H 1
| /* end confdefs.h.  */
| #include <stdio.h>
| #ifdef HAVE_SYS_TYPES_H
| # include <sys/types.h>
| #endif
| #ifdef HAVE_SYS_STAT_H
| # include <sys/stat.h>
| #endif
| #ifdef STDC_HEADERS
| # include <stdlib.h>
| # include <stddef.h>
| #else
| # ifdef HAVE_STDLIB_H
| #  include <stdlib.h>
| # endif
| #endif
| #ifdef HAVE_STRING_H
| # if !defined STDC_HEADERS && defined HAVE_MEMORY_H
| #  include <memory.h>
| # endif
| # include <string.h>
| #endif
| #ifdef HAVE_STRINGS_H
| # include <strings.h>
| #endif
| #ifdef HAVE_INTTYPES_H
| # include <inttypes.h>
| #endif
| #ifdef HAVE_STDINT_H
| # include <stdint.h>
| #endif
| #ifdef HAVE_UNISTD_H
| # include <unistd.h>
| #endif
| int
| main ()
| {
| if (sizeof ((size_t)))
| 	  return 0;
|   ;
|   return 0;
| }
configure:5179: result: yes
configure:5191: checking for struct stat.st_rdev
configure:5219: gcc -c -g -O2  conftest.c >&5
configure:5226: $? = 0
configure:5284: result: yes
configure:5300: checking whether sys_siglist is declared
configure:5335: gcc -c -g -O2  conftest.c >&5
configure:5342: $? = 0
configure:5357: result: yes
configure:5376: checking whether time.h and sys/time.h may both be included
configure:5406: gcc -c -g -O2  conftest.c >&5
configure:5413: $? = 0
configure:5428: result: yes
configure:5441: checking for working alloca.h
configure:5468: gcc -o conftest -g -O2   conftest.c  >&5
configure:5475: $? = 0
configure:5495: result: yes
configure:5505: checking for alloca
configure:5552: gcc -o conftest -g -O2   conftest.c  >&5
configure:5559: $? = 0
configure:5579: result: yes
configure:5817: checking whether gcc needs -traditional
configure:5859: result: no
configure:5866: checking return type of signal handlers
configure:5894: gcc -c -g -O2  conftest.c >&5
conftest.c: In function 'main':
conftest.c:44: error: void value not ignored as it ought to be
configure:5901: $? = 1
configure: failed program was:
| /* confdefs.h.  */
| #define PACKAGE_NAME ""
| #define PACKAGE_TARNAME ""
| #define PACKAGE_VERSION ""
| #define PACKAGE_STRING ""
| #define PACKAGE_BUGREPORT ""
| #define PACKAGE "watchdog"
| #define VERSION "5.6"
| #define MAJOR_VERSION 5
| #define MINOR_VERSION 6
| #define PATH_SENDMAIL "/usr/sbin/sendmail"
| #define HAVE_DIRENT_H 1
| #define STDC_HEADERS 1
| #define HAVE_SYS_WAIT_H 1
| #define HAVE_SYS_TYPES_H 1
| #define HAVE_SYS_STAT_H 1
| #define HAVE_STDLIB_H 1
| #define HAVE_STRING_H 1
| #define HAVE_MEMORY_H 1
| #define HAVE_STRINGS_H 1
| #define HAVE_INTTYPES_H 1
| #define HAVE_STDINT_H 1
| #define HAVE_UNISTD_H 1
| #define HAVE_FCNTL_H 1
| #define HAVE_LIMITS_H 1
| #define HAVE_PATHS_H 1
| #define HAVE_SYS_IOCTL_H 1
| #define HAVE_SYS_TIME_H 1
| #define HAVE_SYSLOG_H 1
| #define HAVE_UNISTD_H 1
| #define HAVE_STRUCT_STAT_ST_RDEV 1
| #define HAVE_ST_RDEV 1
| #define HAVE_DECL_SYS_SIGLIST 1
| #define TIME_WITH_SYS_TIME 1
| #define HAVE_ALLOCA_H 1
| #define HAVE_ALLOCA 1
| /* end confdefs.h.  */
| #include <sys/types.h>
| #include <signal.h>
| 
| int
| main ()
| {
| return *(signal (0, 0)) (0) == 1;
|   ;
|   return 0;
| }
configure:5916: result: void
configure:5928: checking for vprintf
configure:5984: gcc -o conftest -g -O2   conftest.c  >&5
conftest.c:62: warning: conflicting types for built-in function 'vprintf'
configure:5991: $? = 0
configure:6013: result: yes
configure:6022: checking for _doprnt
configure:6078: gcc -o conftest -g -O2   conftest.c  >&5
/tmp/ccW7WpJs.o: In function `main':
/home/steven/cvs/RT288x_SDK/source/user/watchdog-5.6/conftest.c:74: undefined reference to `_doprnt'
collect2: ld returned 1 exit status
configure:6085: $? = 1
configure: failed program was:
| /* confdefs.h.  */
| #define PACKAGE_NAME ""
| #define PACKAGE_TARNAME ""
| #define PACKAGE_VERSION ""
| #define PACKAGE_STRING ""
| #define PACKAGE_BUGREPORT ""
| #define PACKAGE "watchdog"
| #define VERSION "5.6"
| #define MAJOR_VERSION 5
| #define MINOR_VERSION 6
| #define PATH_SENDMAIL "/usr/sbin/sendmail"
| #define HAVE_DIRENT_H 1
| #define STDC_HEADERS 1
| #define HAVE_SYS_WAIT_H 1
| #define HAVE_SYS_TYPES_H 1
| #define HAVE_SYS_STAT_H 1
| #define HAVE_STDLIB_H 1
| #define HAVE_STRING_H 1
| #define HAVE_MEMORY_H 1
| #define HAVE_STRINGS_H 1
| #define HAVE_INTTYPES_H 1
| #define HAVE_STDINT_H 1
| #define HAVE_UNISTD_H 1
| #define HAVE_FCNTL_H 1
| #define HAVE_LIMITS_H 1
| #define HAVE_PATHS_H 1
| #define HAVE_SYS_IOCTL_H 1
| #define HAVE_SYS_TIME_H 1
| #define HAVE_SYSLOG_H 1
| #define HAVE_UNISTD_H 1
| #define HAVE_STRUCT_STAT_ST_RDEV 1
| #define HAVE_ST_RDEV 1
| #define HAVE_DECL_SYS_SIGLIST 1
| #define TIME_WITH_SYS_TIME 1
| #define HAVE_ALLOCA_H 1
| #define HAVE_ALLOCA 1
| #define RETSIGTYPE void
| #define HAVE_VPRINTF 1
| /* end confdefs.h.  */
| /* Define _doprnt to an innocuous variant, in case <limits.h> declares _doprnt.
|    For example, HP-UX 11i <limits.h> declares gettimeofday.  */
| #define _doprnt innocuous__doprnt
| 
| /* System header to define __stub macros and hopefully few prototypes,
|     which can conflict with char _doprnt (); below.
|     Prefer <limits.h> to <assert.h> if __STDC__ is defined, since
|     <limits.h> exists even on freestanding compilers.  */
| 
| #ifdef __STDC__
| # include <limits.h>
| #else
| # include <assert.h>
| #endif
| 
| #undef _doprnt
| 
| /* Override any GCC internal prototype to avoid an error.
|    Use char because int might match the return type of a GCC
|    builtin and then its argument prototype would still apply.  */
| #ifdef __cplusplus
| extern "C"
| #endif
| char _doprnt ();
| /* The GNU C library defines this for functions which it implements
|     to always fail with ENOSYS.  Some functions are actually named
|     something starting with __ and the normal name is an alias.  */
| #if defined __stub__doprnt || defined __stub____doprnt
| choke me
| #endif
| 
| int
| main ()
| {
| return _doprnt ();
|   ;
|   return 0;
| }
configure:6105: result: no
configure:6131: checking for gethostname
configure:6187: gcc -o conftest -g -O2   conftest.c  >&5
configure:6194: $? = 0
configure:6216: result: yes
configure:6131: checking for select
configure:6187: gcc -o conftest -g -O2   conftest.c  >&5
configure:6194: $? = 0
configure:6216: result: yes
configure:6131: checking for socket
configure:6187: gcc -o conftest -g -O2   conftest.c  >&5
configure:6194: $? = 0
configure:6216: result: yes
configure:6131: checking for strcspn
configure:6187: gcc -o conftest -g -O2   conftest.c  >&5
conftest.c:66: warning: conflicting types for built-in function 'strcspn'
configure:6194: $? = 0
configure:6216: result: yes
configure:6131: checking for strdup
configure:6187: gcc -o conftest -g -O2   conftest.c  >&5
conftest.c:67: warning: conflicting types for built-in function 'strdup'
configure:6194: $? = 0
configure:6216: result: yes
configure:6131: checking for strerror
configure:6187: gcc -o conftest -g -O2   conftest.c  >&5
configure:6194: $? = 0
configure:6216: result: yes
configure:6131: checking for strstr
configure:6187: gcc -o conftest -g -O2   conftest.c  >&5
conftest.c:69: warning: conflicting types for built-in function 'strstr'
configure:6194: $? = 0
configure:6216: result: yes
configure:6131: checking for strtoul
configure:6187: gcc -o conftest -g -O2   conftest.c  >&5
configure:6194: $? = 0
configure:6216: result: yes
configure:6131: checking for uname
configure:6187: gcc -o conftest -g -O2   conftest.c  >&5
configure:6194: $? = 0
configure:6216: result: yes
configure:6229: checking whether to log via syslog
configure:6259: result: yes
configure:6265: checking whether to include NFS support
configure:6295: result: yes
configure:6301: checking for minimum value accepted as reboot cause
configure:6322: result: 2
configure:6328: checking for timer margin used by kernel
configure:6349: result: 60
configure:6355: checking for config filename
configure:6378: result: /etc/watchdog.conf
configure:6385: checking for config file line length
configure:6406: result: 80
configure:6412: checking for pid filename
configure:6433: result: "/var/run/watchdog.pid"
configure:6439: checking for keepalive pid filename
configure:6460: result: "/var/run/wd_keepalive.pid"
configure:6466: checking for random seed filename
configure:6487: result: "/var/run/random-seed"
configure:6618: creating ./config.status

## ---------------------- ##
## Running config.status. ##
## ---------------------- ##

This file was extended by config.status, which was
generated by GNU Autoconf 2.63.  Invocation command line was

  CONFIG_FILES    = 
  CONFIG_HEADERS  = 
  CONFIG_LINKS    = 
  CONFIG_COMMANDS = 
  $ ./config.status 

on builder

config.status:814: creating Makefile
config.status:814: creating src/Makefile
config.status:814: creating include/config.h
config.status:1088: executing depfiles commands

## ---------------- ##
## Cache variables. ##
## ---------------- ##

ac_cv_c_compiler_gnu=yes
ac_cv_c_const=yes
ac_cv_c_inline=inline
ac_cv_env_CC_set=
ac_cv_env_CC_value=
ac_cv_env_CFLAGS_set=
ac_cv_env_CFLAGS_value=
ac_cv_env_CPPFLAGS_set=
ac_cv_env_CPPFLAGS_value=
ac_cv_env_CPP_set=
ac_cv_env_CPP_value=
ac_cv_env_LDFLAGS_set=
ac_cv_env_LDFLAGS_value=
ac_cv_env_LIBS_set=
ac_cv_env_LIBS_value=
ac_cv_env_build_alias_set=
ac_cv_env_build_alias_value=
ac_cv_env_host_alias_set=
ac_cv_env_host_alias_value=
ac_cv_env_target_alias_set=
ac_cv_env_target_alias_value=
ac_cv_func__doprnt=no
ac_cv_func_alloca_works=yes
ac_cv_func_gethostname=yes
ac_cv_func_select=yes
ac_cv_func_socket=yes
ac_cv_func_strcspn=yes
ac_cv_func_strdup=yes
ac_cv_func_strerror=yes
ac_cv_func_strstr=yes
ac_cv_func_strtoul=yes
ac_cv_func_uname=yes
ac_cv_func_vprintf=yes
ac_cv_have_decl_sys_siglist=yes
ac_cv_header_dirent_dirent_h=yes
ac_cv_header_fcntl_h=yes
ac_cv_header_inttypes_h=yes
ac_cv_header_limits_h=yes
ac_cv_header_memory_h=yes
ac_cv_header_paths_h=yes
ac_cv_header_stdc=yes
ac_cv_header_stdint_h=yes
ac_cv_header_stdlib_h=yes
ac_cv_header_string_h=yes
ac_cv_header_strings_h=yes
ac_cv_header_sys_ioctl_h=yes
ac_cv_header_sys_stat_h=yes
ac_cv_header_sys_time_h=yes
ac_cv_header_sys_types_h=yes
ac_cv_header_sys_wait_h=yes
ac_cv_header_syslog_h=yes
ac_cv_header_time=yes
ac_cv_header_unistd_h=yes
ac_cv_member_struct_stat_st_rdev=yes
ac_cv_objext=o
ac_cv_path_EGREP='/bin/grep -E'
ac_cv_path_GREP=/bin/grep
ac_cv_path_PATH_SENDMAIL=/usr/sbin/sendmail
ac_cv_path_install='/usr/bin/install -c'
ac_cv_path_mkdir=/bin/mkdir
ac_cv_prog_AWK=gawk
ac_cv_prog_CPP='gcc -E'
ac_cv_prog_ac_ct_CC=gcc
ac_cv_prog_cc_c89=
ac_cv_prog_cc_g=yes
ac_cv_prog_gcc_traditional=no
ac_cv_prog_make_make_set=yes
ac_cv_search_opendir='none required'
ac_cv_type_pid_t=yes
ac_cv_type_signal=void
ac_cv_type_size_t=yes
ac_cv_working_alloca_h=yes
am_cv_CC_dependencies_compiler_type=gcc3

## ----------------- ##
## Output variables. ##
## ----------------- ##

ACLOCAL='${SHELL} /home/steven/cvs/RT288x_SDK/source/user/watchdog-5.6/missing --run aclocal-1.10'
ALLOCA=''
AMDEPBACKSLASH='\'
AMDEP_FALSE='#'
AMDEP_TRUE=''
AMTAR='${SHELL} /home/steven/cvs/RT288x_SDK/source/user/watchdog-5.6/missing --run tar'
AUTOCONF='${SHELL} /home/steven/cvs/RT288x_SDK/source/user/watchdog-5.6/missing --run autoconf'
AUTOHEADER='${SHELL} /home/steven/cvs/RT288x_SDK/source/user/watchdog-5.6/missing --run autoheader'
AUTOMAKE='${SHELL} /home/steven/cvs/RT288x_SDK/source/user/watchdog-5.6/missing --run automake-1.10'
AWK='gawk'
CC='gcc'
CCDEPMODE='depmode=gcc3'
CFLAGS='-g -O2'
CONFIG_FILENAME='/etc/watchdog.conf'
CPP='gcc -E'
CPPFLAGS=''
CYGPATH_W='echo'
DEFS='-DHAVE_CONFIG_H'
DEPDIR='.deps'
ECHO_C=''
ECHO_N='-n'
ECHO_T=''
EGREP='/bin/grep -E'
EXEEXT=''
GREP='/bin/grep'
INSTALL_DATA='${INSTALL} -m 644'
INSTALL_PROGRAM='${INSTALL}'
INSTALL_SCRIPT='${INSTALL}'
INSTALL_STRIP_PROGRAM='$(install_sh) -c -s'
LDFLAGS=''
LIBOBJS=''
LIBS=''
LTLIBOBJS=''
MAINT='#'
MAINTAINER_MODE_FALSE=''
MAINTAINER_MODE_TRUE='#'
MAKEINFO='${SHELL} /home/steven/cvs/RT288x_SDK/source/user/watchdog-5.6/missing --run makeinfo'
MKDIR_P='/bin/mkdir -p'
OBJEXT='o'
PACKAGE='watchdog'
PACKAGE_BUGREPORT=''
PACKAGE_NAME=''
PACKAGE_STRING=''
PACKAGE_TARNAME=''
PACKAGE_VERSION=''
PATH_SENDMAIL='/usr/sbin/sendmail'
PATH_SEPARATOR=':'
SET_MAKE=''
SHELL='/bin/sh'
STRIP=''
VERSION='5.6'
ac_ct_CC='gcc'
am__fastdepCC_FALSE='#'
am__fastdepCC_TRUE=''
am__include='include'
am__isrc=''
am__leading_dot='.'
am__quote=''
am__tar='${AMTAR} chof - "$$tardir"'
am__untar='${AMTAR} xf -'
bindir='${exec_prefix}/bin'
build_alias=''
datadir='${datarootdir}'
datarootdir='${prefix}/share'
docdir='${datarootdir}/doc/${PACKAGE}'
dvidir='${docdir}'
exec_prefix='${prefix}'
host_alias=''
htmldir='${docdir}'
includedir='${prefix}/include'
infodir='${datarootdir}/info'
install_sh='$(SHELL) /home/steven/cvs/RT288x_SDK/source/user/watchdog-5.6/install-sh'
libdir='${exec_prefix}/lib'
libexecdir='${exec_prefix}/libexec'
localedir='${datarootdir}/locale'
localstatedir='${prefix}/var'
mandir='${datarootdir}/man'
mkdir_p='/bin/mkdir -p'
oldincludedir='/usr/include'
pdfdir='${docdir}'
prefix='/usr'
program_transform_name='s,x,x,'
psdir='${docdir}'
sbindir='${exec_prefix}/sbin'
sharedstatedir='${prefix}/com'
sysconfdir='${prefix}/etc'
target_alias=''

## ----------- ##
## confdefs.h. ##
## ----------- ##

#define PACKAGE_NAME ""
#define PACKAGE_TARNAME ""
#define PACKAGE_VERSION ""
#define PACKAGE_STRING ""
#define PACKAGE_BUGREPORT ""
#define PACKAGE "watchdog"
#define VERSION "5.6"
#define MAJOR_VERSION 5
#define MINOR_VERSION 6
#define PATH_SENDMAIL "/usr/sbin/sendmail"
#define HAVE_DIRENT_H 1
#define STDC_HEADERS 1
#define HAVE_SYS_WAIT_H 1
#define HAVE_SYS_TYPES_H 1
#define HAVE_SYS_STAT_H 1
#define HAVE_STDLIB_H 1
#define HAVE_STRING_H 1
#define HAVE_MEMORY_H 1
#define HAVE_STRINGS_H 1
#define HAVE_INTTYPES_H 1
#define HAVE_STDINT_H 1
#define HAVE_UNISTD_H 1
#define HAVE_FCNTL_H 1
#define HAVE_LIMITS_H 1
#define HAVE_PATHS_H 1
#define HAVE_SYS_IOCTL_H 1
#define HAVE_SYS_TIME_H 1
#define HAVE_SYSLOG_H 1
#define HAVE_UNISTD_H 1
#define HAVE_STRUCT_STAT_ST_RDEV 1
#define HAVE_ST_RDEV 1
#define HAVE_DECL_SYS_SIGLIST 1
#define TIME_WITH_SYS_TIME 1
#define HAVE_ALLOCA_H 1
#define HAVE_ALLOCA 1
#define RETSIGTYPE void
#define HAVE_VPRINTF 1
#define HAVE_GETHOSTNAME 1
#define HAVE_SELECT 1
#define HAVE_SOCKET 1
#define HAVE_STRCSPN 1
#define HAVE_STRDUP 1
#define HAVE_STRERROR 1
#define HAVE_STRSTR 1
#define HAVE_STRTOUL 1
#define HAVE_UNAME 1
#define USE_SYSLOG 1
#define HAVE_NFS 1
#define MINLOAD 2
#define TIMER_MARGIN 60
#define CONFIG_FILENAME "/etc/watchdog.conf"
#define CONFIG_LINE_LEN 80
#define PIDFILE "/var/run/watchdog.pid"
#define KA_PIDFILE "/var/run/wd_keepalive.pid"
#define RANDOM_SEED "/var/run/random-seed"

configure: exit 0
