This file contains any messages produced by compilers while
running configure, to aid debugging if configure makes a mistake.

It was created by configure, which was
generated by GNU Autoconf 2.52.20080325.  Invocation command line was

  $ ./configure --host=mipsel-linux

## ---------- ##
## Platform.  ##
## ---------- ##

hostname = builder
uname -m = i686
uname -r = 2.6.18-5-686
uname -s = Linux
uname -v = #1 SMP Mon Dec 24 16:41:07 UTC 2007

/usr/bin/uname -p = unknown
/bin/uname -X     = unknown

/bin/arch              = i686
/usr/bin/arch -k       = unknown
/usr/convex/getsysinfo = unknown
hostinfo               = unknown
/bin/machine           = unknown
/usr/bin/oslevel       = unknown
/bin/universe          = unknown

PATH = /usr/local/bin:/usr/bin:/bin:/usr/games:/opt/surfmilo/cross-dev/usr/bin:/opt/sde6/bin:/opt/buildroot-gcc342/bin

## ------------ ##
## Core tests.  ##
## ------------ ##

configure:1088: PATH=".;."; conftest.sh
./configure: line 1089: conftest.sh: command not found
configure:1091: $? = 127
configure:1104: checking for egrep
configure:1114: result: grep -E
configure:1128: result: Configuring NCURSES 5.7 ABI 5 (Thu May 21 16:20:42 CST 2009)
configure:1233: checking build system type
configure:1251: result: i686-pc-linux-gnu
configure:1258: checking host system type
configure:1272: result: mipsel-unknown-linux-gnu
configure:1280: checking target system type
configure:1294: result: mipsel-unknown-linux-gnu
configure:1325: result: Configuring for linux-gnu
configure:1349: checking for prefix
configure:1361: result: /usr
configure:1402: checking for mipsel-linux-gcc
configure:1425: result: gcc
configure:1688: checking for C compiler version
configure:1691: gcc --version </dev/null >&5
gcc (GCC) 4.1.2 20061115 (prerelease) (Debian 4.1.1-21)
Copyright (C) 2006 Free Software Foundation, Inc.
This is free software; see the source for copying conditions.  There is NO
warranty; not even for MERCHANTABILITY or FITNESS FOR A PARTICULAR PURPOSE.

configure:1694: $? = 0
configure:1696: gcc -v </dev/null >&5
Using built-in specs.
Target: i486-linux-gnu
Configured with: ../src/configure -v --enable-languages=c,c++,fortran,objc,obj-c++,treelang --prefix=/usr --enable-shared --with-system-zlib --libexecdir=/usr/lib --without-included-gettext --enable-threads=posix --enable-nls --program-suffix=-4.1 --enable-__cxa_atexit --enable-clocale=gnu --enable-libstdcxx-debug --enable-mpfr --with-tune=i686 --enable-checking=release i486-linux-gnu
Thread model: posix
gcc version 4.1.2 20061115 (prerelease) (Debian 4.1.1-21)
configure:1699: $? = 0
configure:1701: gcc -V </dev/null >&5
gcc: '-V' option must have argument
configure:1704: $? = 1
configure:1724: checking for C compiler default output
configure:1727: gcc    conftest.c  >&5
configure:1730: $? = 0
configure:1759: result: a.out
configure:1764: checking whether the C compiler works
configure:1770: ./a.out
configure:1773: $? = 0
configure:1788: result: yes
configure:1795: checking whether we are cross compiling
configure:1797: result: no
configure:1800: checking for executable suffix
configure:1802: gcc -o conftest    conftest.c  >&5
configure:1805: $? = 0
configure:1827: result: 
configure:1833: checking for object suffix
configure:1851: gcc -c   conftest.c >&5
configure:1854: $? = 0
configure:1873: result: o
configure:1877: checking whether we are using the GNU C compiler
configure:1898: gcc -c   conftest.c >&5
configure:1901: $? = 0
configure:1904: test -s conftest.o
configure:1907: $? = 0
configure:1919: result: yes
configure:1925: checking whether gcc accepts -g
configure:1943: gcc -c -g  conftest.c >&5
configure:1946: $? = 0
configure:1949: test -s conftest.o
configure:1952: $? = 0
configure:1962: result: yes
configure:1989: gcc -c   conftest.c >&5
conftest.c:2: error: expected '=', ',', ';', 'asm' or '__attribute__' before 'me'
configure:1992: $? = 1
configure: failed program was:
#ifndef __cplusplus
  choke me
#endif
configure:2093: checking version of gcc
configure:2097: result: 4.1.2
configure:2107: checking how to run the C preprocessor
configure:2133: gcc -E  conftest.c
configure:2139: $? = 0
configure:2166: gcc -E  conftest.c
configure:2163:28: error: ac_nonexistent.h: No such file or directory
configure:2172: $? = 1
configure: failed program was:
#line 2162 "configure"
#include "confdefs.h"
#include <ac_nonexistent.h>
configure:2209: result: gcc -E
configure:2224: gcc -E  conftest.c
configure:2230: $? = 0
configure:2257: gcc -E  conftest.c
configure:2254:28: error: ac_nonexistent.h: No such file or directory
configure:2263: $? = 1
configure: failed program was:
#line 2253 "configure"
#include "confdefs.h"
#include <ac_nonexistent.h>
configure:2304: checking whether gcc needs -traditional
configure:2339: result: no
configure:2346: checking whether gcc understands -c and -o together
configure:2362: gcc -c conftest.c -o conftest2.o >&5
configure:2365: $? = 0
configure:2367: gcc -c conftest.c -o conftest2.o >&5
configure:2370: $? = 0
configure:2381: result: yes
configure:2388: checking for POSIXized ISC
configure:2407: result: no
configure:2412: checking for gcc option to accept ANSI C
configure:2527: gcc -c   -DCC_HAS_PROTOS  conftest.c >&5
configure:2530: $? = 0
configure:2533: test -s conftest.o
configure:2536: $? = 0
configure:2549: result: -DCC_HAS_PROTOS
configure:2672: checking for ldconfig
configure:2689: found /sbin/ldconfig
configure:2700: result: /sbin/ldconfig
configure:2711: checking if you want to ensure bool is consistent with C++
configure:2721: result: yes
configure:2739: checking for mipsel-linux-g++
configure:2754: found /opt/buildroot-gcc342/bin/mipsel-linux-g++
configure:2762: result: mipsel-linux-g++
configure:2816: checking for C++ compiler version
configure:2819: mipsel-linux-g++ --version </dev/null >&5
mipsel-linux-g++ (GCC) 3.4.2
Copyright (C) 2004 Free Software Foundation, Inc.
This is free software; see the source for copying conditions.  There is NO
warranty; not even for MERCHANTABILITY or FITNESS FOR A PARTICULAR PURPOSE.

configure:2822: $? = 0
configure:2824: mipsel-linux-g++ -v </dev/null >&5
Reading specs from /opt/buildroot-gcc342/bin/../lib/gcc/mipsel-linux-uclibc/3.4.2/specs
Configured with: /home/winfred/RT288x_SDK/toolchain/buildroot/toolchain_build_mipsel/gcc-3.4.2/configure --prefix=/home/winfred/RT288x_SDK/toolchain/buildroot-gdb --build=i386-pc-linux-gnu --host=i386-pc-linux-gnu --target=mipsel-linux-uclibc --enable-languages=c,c++ --disable-__cxa_atexit --enable-target-optspace --with-gnu-ld --disable-shared --disable-nls --enable-threads --enable-multilib --enable-sjlj-exceptions : (reconfigured) /home/winfred/RT288x_SDK/toolchain/buildroot/toolchain_build_mipsel/gcc-3.4.2/configure --prefix=/home/winfred/RT288x_SDK/toolchain/buildroot-gdb --build=i386-pc-linux-gnu --host=i386-pc-linux-gnu --target=mipsel-linux-uclibc --enable-languages=c,c++ --disable-__cxa_atexit --enable-target-optspace --with-gnu-ld --disable-shared --disable-nls --enable-threads --enable-multilib --enable-sjlj-exceptions
Thread model: posix
gcc version 3.4.2
configure:2827: $? = 0
configure:2829: mipsel-linux-g++ -V </dev/null >&5
mipsel-linux-g++: `-V' option must have argument
configure:2832: $? = 1
configure:2835: checking whether we are using the GNU C++ compiler
configure:2856: mipsel-linux-g++ -c   conftest.cc >&5
configure:2859: $? = 0
configure:2862: test -s conftest.o
configure:2865: $? = 0
configure:2877: result: yes
configure:2883: checking whether mipsel-linux-g++ accepts -g
configure:2901: mipsel-linux-g++ -c -g  conftest.cc >&5
configure:2904: $? = 0
configure:2907: test -s conftest.o
configure:2910: $? = 0
configure:2920: result: yes
configure:2960: mipsel-linux-g++ -c -g -O2  conftest.cc >&5
configure:2963: $? = 0
configure:2966: test -s conftest.o
configure:2969: $? = 0
configure:2991: mipsel-linux-g++ -c -g -O2  conftest.cc >&5
configure: In function `int main()':
configure:2984: error: `exit' undeclared (first use this function)
configure:2984: error: (Each undeclared identifier is reported only once for each function it appears in.)
configure:2994: $? = 1
configure: failed program was:
#line 2979 "configure"
#include "confdefs.h"

int
main ()
{
exit (42);
  ;
  return 0;
}
configure:2960: mipsel-linux-g++ -c -g -O2  conftest.cc >&5
configure:2963: $? = 0
configure:2966: test -s conftest.o
configure:2969: $? = 0
configure:2991: mipsel-linux-g++ -c -g -O2  conftest.cc >&5
configure:2994: $? = 0
configure:2997: test -s conftest.o
configure:3000: $? = 0
configure:3072: checking version of g++
configure:3076: result: 3.4.2
configure:3089: checking if you want to build C++ binding and demo
configure:3099: result: yes
configure:3102: checking if you want to build with Ada95
configure:3112: result: yes
configure:3115: checking if you want to build programs such as tic
configure:3125: result: yes
configure:3128: checking if you wish to install curses.h
configure:3138: result: yes
configure:3164: checking for mawk
configure:3179: found /usr/bin/mawk
configure:3187: result: mawk
configure:3201: checking for egrep
configure:3211: result: grep -E
configure:3231: checking for a BSD compatible install
configure:3280: result: /usr/bin/install -c
configure:3305: checking for tdlint
configure:3331: result: no
configure:3305: checking for lint
configure:3331: result: no
configure:3305: checking for alint
configure:3331: result: no
configure:3338: checking whether ln -s works
configure:3342: result: yes
configure:3349: checking for long file names
configure:3388: result: yes
configure:3398: checking if we should assume mixed-case filenames
configure:3408: result: auto
configure:3412: checking if filesystem supports mixed-case filenames
configure:3439: result: yes
configure:3456: checking whether make sets ${MAKE}
configure:3476: result: yes
configure:3487: checking for ctags
configure:3502: found /usr/bin/ctags
configure:3511: result: yes
configure:3521: checking for etags
configure:3536: found /usr/bin/etags
configure:3545: result: yes
configure:3568: checking for makeflags variable
configure:3602: result: 
configure:3608: checking for mipsel-linux-ranlib
configure:3623: found /opt/buildroot-gcc342/bin/mipsel-linux-ranlib
configure:3631: result: mipsel-linux-ranlib
configure:3682: checking for mipsel-linux-ld
configure:3705: result: /mipsel-linux-ld
configure:3756: checking for mipsel-linux-ar
configure:3771: found /opt/buildroot-gcc342/bin/mipsel-linux-ar
configure:3779: result: mipsel-linux-ar
configure:3831: checking for archiver options (symbol AR_OPTS)
configure:3840: result: rv
configure:3845: checking if you have specified an install-prefix
configure:3858: result: 
configure:4030: checking if you want to build libraries with libtool
configure:4040: result: no
configure:4171: checking if you want to build shared libraries
configure:4181: result: no
configure:4185: checking if you want to build static libraries
configure:4195: result: yes
configure:4199: checking if you want to build debug libraries
configure:4209: result: yes
configure:4213: checking if you want to build profiling libraries
configure:4223: result: no
configure:4231: checking for specified models
configure:4235: result:  normal debug
configure:4240: checking for default model
configure:4243: result: normal
configure:4272: checking if you want to build a separate terminfo library
configure:4282: result: no
configure:4285: checking if you want to build a separate tic library
configure:4295: result: no
configure:4301: checking if you want to link with the GPM mouse library
configure:4311: result: maybe
configure:4315: checking for gpm.h
configure:4325: gcc -E  conftest.c
configure:4322:17: error: gpm.h: No such file or directory
configure:4331: $? = 1
configure: failed program was:
#line 4321 "configure"
#include "confdefs.h"
#include <gpm.h>
configure:4350: result: no
configure:4874: checking for default loader flags
configure:4883: result: 
configure:4924: checking if release/abi version should be used for shared libs
configure:4948: result: auto
configure:4957: checking which gcc option to use
configure:4976: gcc -c  -fPIC  conftest.c >&5
configure:4979: $? = 0
configure:4982: test -s conftest.o
configure:4985: $? = 0
configure:4994: result: -fPIC
configure:5351: checking if you wish to install ncurses overwriting curses
configure:5361: result: yes
configure:5364: checking if external terminfo-database is used
configure:5374: result: yes
configure:5396: checking which terminfo source-file will be installed
configure:5404: result: ${top_srcdir}/misc/terminfo.src
configure:5407: checking whether to use hashed database instead of directory/tree
configure:5417: result: no
configure:5423: checking for list of fallback descriptions
configure:5433: result: 
configure:5437: checking if you want modern xterm or antique
configure:5451: result: xterm-new
configure:5461: checking for list of terminfo directories
configure:5514: result: /usr/share/terminfo
configure:5520: checking for default terminfo directory
configure:5565: result: /usr/share/terminfo
configure:5575: checking if big-core option selected
configure:5601: gcc -o conftest    conftest.c  >&5
configure:5604: $? = 0
configure:5606: ./conftest
configure:5609: $? = 0
configure:5621: result: yes
configure:5630: checking if big-strings option selected
configure:5654: result: yes
configure:5661: checking if you want termcap-fallback support
configure:5671: result: no
configure:5793: checking if ~/.terminfo is wanted
configure:5803: result: yes
configure:5809: checking if you want to use restricted environment when running as root
configure:5819: result: yes
configure:5833: checking for remove
configure:5870: gcc -o conftest    conftest.c  >&5
configure:5873: $? = 0
configure:5876: test -s conftest
configure:5879: $? = 0
configure:5889: result: yes
configure:5833: checking for unlink
configure:5870: gcc -o conftest    conftest.c  >&5
configure:5873: $? = 0
configure:5876: test -s conftest
configure:5879: $? = 0
configure:5889: result: yes
configure:5973: checking if link/symlink functions work
configure:6016: gcc -o conftest    conftest.c  >&5
configure:6019: $? = 0
configure:6021: ./conftest
configure:6024: $? = 0
configure:6016: gcc -o conftest    conftest.c  >&5
configure:6019: $? = 0
configure:6021: ./conftest
configure:6024: $? = 0
configure:6042: result:  link symlink
configure:6060: checking if tic should use symbolic links
configure:6070: result: no
configure:6077: checking if tic should use hard links
configure:6084: result: yes
configure:6097: checking if you want broken-linker support code
configure:6107: result: no
configure:6134: checking if tputs should process BSD-style prefix padding
configure:6144: result: no
configure:6161: checking if gcc -U and -D options work together
configure:6189: gcc -c  -UU_D_OPTIONS -DU_D_OPTIONS -DD_U_OPTIONS -UD_U_OPTIONS conftest.c >&5
configure:6192: $? = 0
configure:6195: test -s conftest.o
configure:6198: $? = 0
configure:6212: result: yes
configure:6238: checking if we must define _GNU_SOURCE
configure:6260: gcc -c   conftest.c >&5
configure: In function 'main':
configure:6252: error: 'make' undeclared (first use in this function)
configure:6252: error: (Each undeclared identifier is reported only once
configure:6252: error: for each function it appears in.)
configure:6252: error: expected ';' before 'an'
configure:6263: $? = 1
configure: failed program was:
#line 6245 "configure"
#include "confdefs.h"
#include <sys/types.h>
int
main ()
{

#ifndef _XOPEN_SOURCE
make an error
#endif
  ;
  return 0;
}
configure:6293: gcc -c   -D_GNU_SOURCE conftest.c >&5
configure: In function 'main':
configure:6285: error: 'make' undeclared (first use in this function)
configure:6285: error: (Each undeclared identifier is reported only once
configure:6285: error: for each function it appears in.)
configure:6285: error: expected ';' before 'an'
configure:6296: $? = 1
configure: failed program was:
#line 6278 "configure"
#include "confdefs.h"
#include <sys/types.h>
int
main ()
{

#ifdef _XOPEN_SOURCE
make an error
#endif
  ;
  return 0;
}
configure:6317: result: yes
configure:6613: checking if SIGWINCH is defined
configure:6635: gcc -c   -D_GNU_SOURCE conftest.c >&5
configure:6638: $? = 0
configure:6641: test -s conftest.o
configure:6644: $? = 0
configure:6692: result: yes
configure:6762: checking for nl_langinfo and CODESET
configure:6780: gcc -o conftest   -D_GNU_SOURCE  conftest.c  >&5
configure:6783: $? = 0
configure:6786: test -s conftest
configure:6789: $? = 0
configure:6800: result: yes
configure:6814: checking if you want wide-character code
configure:6824: result: no
configure:7783: checking whether to enable _LP64 definition in curses.h
configure:7793: result: no
configure:7809: checking for special C compiler options needed for large files
configure:7883: result: no
configure:7889: checking for _FILE_OFFSET_BITS value needed for large files
configure:7917: gcc -c   -D_GNU_SOURCE conftest.c >&5
configure:7904: warning: left shift count >= width of type
configure:7904: warning: left shift count >= width of type
configure:7906: error: size of array 'off_t_is_large' is negative
configure:7920: $? = 1
configure: failed program was:
#line 7897 "configure"
#include "confdefs.h"
#include <sys/types.h>
 /* Check that off_t can represent 2**63 - 1 correctly.
    We can't simply define LARGE_OFF_T to be 9223372036854775807,
    since some C++ compilers masquerading as C compilers
    incorrectly reject 9223372036854775807.  */
#define LARGE_OFF_T (((off_t) 1 << 62) - 1 + ((off_t) 1 << 62))
  int off_t_is_large[(LARGE_OFF_T % 2147483629 == 721
		       && LARGE_OFF_T % 2147483647 == 1)
		      ? 1 : -1];
int
main ()
{

  ;
  return 0;
}
configure:7956: gcc -c   -D_GNU_SOURCE conftest.c >&5
configure:7959: $? = 0
configure:7962: test -s conftest.o
configure:7965: $? = 0
configure:7976: result: 64
configure:7986: checking for _LARGE_FILES value needed for large files
configure:8014: gcc -c   -D_GNU_SOURCE conftest.c >&5
configure:8017: $? = 0
configure:8020: test -s conftest.o
configure:8023: $? = 0
configure:8073: result: no
configure:8086: checking for _LARGEFILE_SOURCE value needed for large files
configure:8106: gcc -c   -D_GNU_SOURCE conftest.c >&5
configure: In function 'main':
configure:8099: warning: the address of 'fseeko', will always evaluate as 'true'
configure:8109: $? = 0
configure:8112: test -s conftest.o
configure:8115: $? = 0
configure:8157: result: no
configure:8171: checking for fseeko
configure:8189: gcc -o conftest   -D_GNU_SOURCE  conftest.c  >&5
configure: In function 'main':
configure:8182: warning: the address of 'fseeko', will always evaluate as 'true'
configure:8192: $? = 0
configure:8195: test -s conftest
configure:8198: $? = 0
configure:8208: result: yes
configure:8229: checking whether to use struct dirent64
configure:8257: gcc -c   -D_GNU_SOURCE -D_FILE_OFFSET_BITS=64  conftest.c >&5
configure: In function 'main':
configure:8246: error: conflicting types for 'readdir'
/usr/include/dirent.h:159: error: previous declaration of 'readdir' was here
configure:8248: warning: initialization from incompatible pointer type
configure:8249: error: invalid operands to binary -
configure:8260: $? = 1
configure: failed program was:
#line 8236 "configure"
#include "confdefs.h"

#include <sys/types.h>
#include <dirent.h>

int
main ()
{

		/* if transitional largefile support is setup, this is true */
		extern struct dirent64 * readdir(DIR *);
		struct dirent64 *x = readdir((DIR *)0);
		struct dirent *y = readdir((DIR *)0);
		int z = x - y;

  ;
  return 0;
}
configure:8277: result: no
configure:8286: checking if you want tparm not to use X/Open fixed-parameter list
configure:8296: result: yes
configure:8320: checking for type of bool
configure:8330: result: auto
configure:8333: checking for alternate terminal capabilities file
configure:8344: result: Caps
configure:8348: checking for type of chtype
configure:8358: result: auto
configure:8362: checking for type of ospeed
configure:8372: result: short
configure:8376: checking for type of mmask_t
configure:8386: result: auto
configure:8390: checking if RCS identifiers should be compiled-in
configure:8400: result: no
configure:8408: checking format of man-pages
configure:8497: result:  gzip
configure:8504: checking for manpage renaming
configure:8546: result: /home/steven/cvs/RT288x_SDK/source/lib/libncurses-5.7/man/man_db.renames
configure:8549: checking if manpage aliases will be installed
configure:8560: result: yes
configure:8571: checking if manpage symlinks should be used
configure:8590: result: yes
configure:8594: checking for manpage tbl
configure:8605: result: no
configure:8916: checking if you want to build with function extensions
configure:8926: result: yes
configure:8963: checking for extended use of const keyword
configure:8973: result: no
configure:8981: checking if you want to use extended colors
configure:8991: result: no
configure:9022: checking if you want to use extended mouse encoding
configure:9032: result: no
configure:9051: checking if you want $NCURSES_NO_PADDING code
configure:9061: result: yes
configure:9067: checking for ANSI C header files
configure:9081: gcc -E  -D_GNU_SOURCE -D_FILE_OFFSET_BITS=64  conftest.c
configure:9087: $? = 0
configure:9174: gcc -o conftest   -D_GNU_SOURCE -D_FILE_OFFSET_BITS=64   conftest.c  >&5
configure:9177: $? = 0
configure:9179: ./conftest
configure:9182: $? = 0
configure:9195: result: yes
configure:9211: checking for sys/types.h
configure:9223: gcc -c   -D_GNU_SOURCE -D_FILE_OFFSET_BITS=64  conftest.c >&5
configure:9226: $? = 0
configure:9229: test -s conftest.o
configure:9232: $? = 0
configure:9242: result: yes
configure:9211: checking for sys/stat.h
configure:9223: gcc -c   -D_GNU_SOURCE -D_FILE_OFFSET_BITS=64  conftest.c >&5
configure:9226: $? = 0
configure:9229: test -s conftest.o
configure:9232: $? = 0
configure:9242: result: yes
configure:9211: checking for stdlib.h
configure:9223: gcc -c   -D_GNU_SOURCE -D_FILE_OFFSET_BITS=64  conftest.c >&5
configure:9226: $? = 0
configure:9229: test -s conftest.o
configure:9232: $? = 0
configure:9242: result: yes
configure:9211: checking for string.h
configure:9223: gcc -c   -D_GNU_SOURCE -D_FILE_OFFSET_BITS=64  conftest.c >&5
configure:9226: $? = 0
configure:9229: test -s conftest.o
configure:9232: $? = 0
configure:9242: result: yes
configure:9211: checking for memory.h
configure:9223: gcc -c   -D_GNU_SOURCE -D_FILE_OFFSET_BITS=64  conftest.c >&5
configure:9226: $? = 0
configure:9229: test -s conftest.o
configure:9232: $? = 0
configure:9242: result: yes
configure:9211: checking for strings.h
configure:9223: gcc -c   -D_GNU_SOURCE -D_FILE_OFFSET_BITS=64  conftest.c >&5
configure:9226: $? = 0
configure:9229: test -s conftest.o
configure:9232: $? = 0
configure:9242: result: yes
configure:9211: checking for inttypes.h
configure:9223: gcc -c   -D_GNU_SOURCE -D_FILE_OFFSET_BITS=64  conftest.c >&5
configure:9226: $? = 0
configure:9229: test -s conftest.o
configure:9232: $? = 0
configure:9242: result: yes
configure:9211: checking for stdint.h
configure:9223: gcc -c   -D_GNU_SOURCE -D_FILE_OFFSET_BITS=64  conftest.c >&5
configure:9226: $? = 0
configure:9229: test -s conftest.o
configure:9232: $? = 0
configure:9242: result: yes
configure:9211: checking for unistd.h
configure:9223: gcc -c   -D_GNU_SOURCE -D_FILE_OFFSET_BITS=64  conftest.c >&5
configure:9226: $? = 0
configure:9229: test -s conftest.o
configure:9232: $? = 0
configure:9242: result: yes
configure:9252: checking for signed char
configure:9273: gcc -c   -D_GNU_SOURCE -D_FILE_OFFSET_BITS=64  conftest.c >&5
configure:9276: $? = 0
configure:9279: test -s conftest.o
configure:9282: $? = 0
configure:9292: result: yes
configure:9295: checking size of signed char
configure:9459: gcc -o conftest   -D_GNU_SOURCE -D_FILE_OFFSET_BITS=64   conftest.c  >&5
configure:9462: $? = 0
configure:9464: ./conftest
configure:9467: $? = 0
configure:9483: result: 1
configure:9494: checking if you want to use signed Boolean array in term.h
configure:9504: result: no
configure:9509: checking if you want SIGWINCH handler
configure:9519: result: yes
configure:9526: checking if you want user-definable terminal capabilities like termcap
configure:9536: result: yes
configure:9544: checking if you want all development code
configure:9554: result: no
configure:9558: checking if you want hard-tabs code
configure:9568: result: no
configure:9575: checking if you want limited support for xmc
configure:9585: result: no
configure:9594: checking if you do not want to assume colors are white-on-black
configure:9604: result: yes
configure:9611: checking if you want hashmap scrolling-optimization code
configure:9621: result: yes
configure:9628: checking if you want colorfgbg code
configure:9638: result: no
configure:9647: checking if you want to link with the pthread library
configure:9657: result: no
configure:9763: checking if you want to use weak-symbols for pthreads
configure:9773: result: no
configure:9860: checking if you want experimental reentrant code
configure:9870: result: no
configure:9907: checking if you want experimental safe-sprintf code
configure:9917: result: no
configure:9944: checking if you want experimental wgetch-events code
configure:9954: result: no
configure:9963: checking if you want to display full commands during build
configure:9980: result: yes
configure:9984: checking if you want to see compiler warnings
configure:9992: result: 
configure:10336: checking for gcc __attribute__ directives...
checking for gcc __attribute__((scanf))
configure:10377: gcc -c   -D_GNU_SOURCE -D_FILE_OFFSET_BITS=64  conftest.c >&5
configure:10380: $? = 0
checking for gcc __attribute__((printf))
configure:10377: gcc -c   -D_GNU_SOURCE -D_FILE_OFFSET_BITS=64  conftest.c >&5
configure:10380: $? = 0
checking for gcc __attribute__((unused))
configure:10377: gcc -c   -D_GNU_SOURCE -D_FILE_OFFSET_BITS=64  conftest.c >&5
configure:10380: $? = 0
checking for gcc __attribute__((noreturn))
configure:10377: gcc -c   -D_GNU_SOURCE -D_FILE_OFFSET_BITS=64  conftest.c >&5
configure:10380: $? = 0
configure:10394: checking if you want to enable runtime assertions
configure:10404: result: no
configure:10422: checking if you want to use dmalloc for testing
configure:10438: result: no
configure:10623: checking if you want to use dbmalloc for testing
configure:10639: result: no
configure:10824: checking if you want to use valgrind for testing
configure:10840: result: no
configure:10923: checking if you want to perform memory-leak testing
configure:10933: result: no
configure:10978: checking whether to add trace feature to all models
configure:10988: result: no
configure:11069: checking for gettimeofday
configure:11106: gcc -o conftest   -D_GNU_SOURCE -D_FILE_OFFSET_BITS=64  -DNDEBUG  conftest.c  >&5
configure:11109: $? = 0
configure:11112: test -s conftest
configure:11115: $? = 0
configure:11125: result: yes
configure:11193: checking if -lm needed for math functions
configure:11215: gcc -o conftest   -D_GNU_SOURCE -D_FILE_OFFSET_BITS=64  -DNDEBUG  conftest.c  >&5
/tmp/ccg5mbRA.o: In function `main':
conftest.c:(.text+0x28): undefined reference to `sin'
collect2: ld returned 1 exit status
configure:11218: $? = 1
configure: failed program was:
#line 11200 "configure"
#include "confdefs.h"

	#include <stdio.h>
	#include <math.h>

int
main ()
{
double x = rand(); printf("result = %g\n", sin(x))
  ;
  return 0;
}
configure:11234: result: yes
configure:11242: checking for ANSI C header files
configure:11370: result: yes
configure:11383: checking for dirent.h that defines DIR
configure:11404: gcc -c   -D_GNU_SOURCE -D_FILE_OFFSET_BITS=64  -DNDEBUG conftest.c >&5
configure:11407: $? = 0
configure:11410: test -s conftest.o
configure:11413: $? = 0
configure:11423: result: yes
configure:11436: checking for opendir in -ldir
configure:11463: gcc -o conftest   -D_GNU_SOURCE -D_FILE_OFFSET_BITS=64  -DNDEBUG  conftest.c -ldir   >&5
/usr/bin/ld: cannot find -ldir
collect2: ld returned 1 exit status
configure:11466: $? = 1
configure: failed program was:
#line 11444 "configure"
#include "confdefs.h"

/* Override any gcc2 internal prototype to avoid an error.  */
#ifdef __cplusplus
extern "C"
#endif
/* We use char because int might match the return type of a gcc2
   builtin and then its argument prototype would still apply.  */
char opendir ();
int
main ()
{
opendir ();
  ;
  return 0;
}
configure:11483: result: no
configure:11545: checking whether time.h and sys/time.h may both be included
configure:11567: gcc -c   -D_GNU_SOURCE -D_FILE_OFFSET_BITS=64  -DNDEBUG conftest.c >&5
configure:11570: $? = 0
configure:11573: test -s conftest.o
configure:11576: $? = 0
configure:11586: result: yes
configure:11596: checking for regular-expression headers
configure:11621: gcc -o conftest   -D_GNU_SOURCE -D_FILE_OFFSET_BITS=64  -DNDEBUG  conftest.c  >&5
configure:11624: $? = 0
configure:11627: test -s conftest
configure:11630: $? = 0
configure:11712: result: regex.h
configure:11748: checking for fcntl.h
configure:11758: gcc -E  -D_GNU_SOURCE -D_FILE_OFFSET_BITS=64  -DNDEBUG conftest.c
configure:11764: $? = 0
configure:11783: result: yes
configure:11748: checking for getopt.h
configure:11758: gcc -E  -D_GNU_SOURCE -D_FILE_OFFSET_BITS=64  -DNDEBUG conftest.c
configure:11764: $? = 0
configure:11783: result: yes
configure:11748: checking for limits.h
configure:11758: gcc -E  -D_GNU_SOURCE -D_FILE_OFFSET_BITS=64  -DNDEBUG conftest.c
configure:11764: $? = 0
configure:11783: result: yes
configure:11748: checking for locale.h
configure:11758: gcc -E  -D_GNU_SOURCE -D_FILE_OFFSET_BITS=64  -DNDEBUG conftest.c
configure:11764: $? = 0
configure:11783: result: yes
configure:11748: checking for poll.h
configure:11758: gcc -E  -D_GNU_SOURCE -D_FILE_OFFSET_BITS=64  -DNDEBUG conftest.c
configure:11764: $? = 0
configure:11783: result: yes
configure:11748: checking for sys/bsdtypes.h
configure:11758: gcc -E  -D_GNU_SOURCE -D_FILE_OFFSET_BITS=64  -DNDEBUG conftest.c
configure:11755:26: error: sys/bsdtypes.h: No such file or directory
configure:11764: $? = 1
configure: failed program was:
#line 11754 "configure"
#include "confdefs.h"
#include <sys/bsdtypes.h>
configure:11783: result: no
configure:11748: checking for sys/ioctl.h
configure:11758: gcc -E  -D_GNU_SOURCE -D_FILE_OFFSET_BITS=64  -DNDEBUG conftest.c
configure:11764: $? = 0
configure:11783: result: yes
configure:11748: checking for sys/param.h
configure:11758: gcc -E  -D_GNU_SOURCE -D_FILE_OFFSET_BITS=64  -DNDEBUG conftest.c
configure:11764: $? = 0
configure:11783: result: yes
configure:11748: checking for sys/poll.h
configure:11758: gcc -E  -D_GNU_SOURCE -D_FILE_OFFSET_BITS=64  -DNDEBUG conftest.c
configure:11764: $? = 0
configure:11783: result: yes
configure:11748: checking for sys/select.h
configure:11758: gcc -E  -D_GNU_SOURCE -D_FILE_OFFSET_BITS=64  -DNDEBUG conftest.c
configure:11764: $? = 0
configure:11783: result: yes
configure:11748: checking for sys/time.h
configure:11758: gcc -E  -D_GNU_SOURCE -D_FILE_OFFSET_BITS=64  -DNDEBUG conftest.c
configure:11764: $? = 0
configure:11783: result: yes
configure:11748: checking for sys/times.h
configure:11758: gcc -E  -D_GNU_SOURCE -D_FILE_OFFSET_BITS=64  -DNDEBUG conftest.c
configure:11764: $? = 0
configure:11783: result: yes
configure:11748: checking for ttyent.h
configure:11758: gcc -E  -D_GNU_SOURCE -D_FILE_OFFSET_BITS=64  -DNDEBUG conftest.c
configure:11764: $? = 0
configure:11783: result: yes
configure:11748: checking for unistd.h
configure:11783: result: yes
configure:11748: checking for wctype.h
configure:11758: gcc -E  -D_GNU_SOURCE -D_FILE_OFFSET_BITS=64  -DNDEBUG conftest.c
configure:11764: $? = 0
configure:11783: result: yes
configure:11902: checking if sys/time.h works with sys/select.h
configure:11929: gcc -c   -D_GNU_SOURCE -D_FILE_OFFSET_BITS=64  -DNDEBUG conftest.c >&5
configure:11932: $? = 0
configure:11935: test -s conftest.o
configure:11938: $? = 0
configure:11950: result: yes
configure:11964: checking for gcc option to accept ANSI C
configure:12021: gcc  -c   -D_GNU_SOURCE -D_FILE_OFFSET_BITS=64  -DNDEBUG conftest.c >&5
configure:12024: $? = 0
configure:12027: test -s conftest.o
configure:12030: $? = 0
configure:12047: result: none needed
configure:12055: checking for an ANSI C-conforming const
configure:12119: gcc -c   -D_GNU_SOURCE -D_FILE_OFFSET_BITS=64  -DNDEBUG conftest.c >&5
configure:12122: $? = 0
configure:12125: test -s conftest.o
configure:12128: $? = 0
configure:12138: result: yes
configure:12148: checking for inline
configure:12165: gcc -c   -D_GNU_SOURCE -D_FILE_OFFSET_BITS=64  -DNDEBUG conftest.c >&5
configure:12168: $? = 0
configure:12171: test -s conftest.o
configure:12174: $? = 0
configure:12185: result: inline
configure:12208: checking if gcc supports options to tune inlining
configure:12229: gcc -c  --param max-inline-insns-single=1200  -D_GNU_SOURCE -D_FILE_OFFSET_BITS=64  -DNDEBUG conftest.c >&5
configure:12232: $? = 0
configure:12235: test -s conftest.o
configure:12238: $? = 0
configure:12250: result: yes
configure:12326: checking for signal global datatype
configure:12361: gcc -c   --param max-inline-insns-single=1200  -D_GNU_SOURCE -D_FILE_OFFSET_BITS=64  -DNDEBUG conftest.c >&5
configure:12364: $? = 0
configure:12367: test -s conftest.o
configure:12370: $? = 0
configure:12384: result: volatile sig_atomic_t
configure:12392: checking for type of chtype
configure:12437: gcc -o conftest   --param max-inline-insns-single=1200  -D_GNU_SOURCE -D_FILE_OFFSET_BITS=64  -DNDEBUG  conftest.c  >&5
configure:12440: $? = 0
configure:12442: ./conftest
configure:12445: $? = 0
configure:12460: result: long
configure:12472: checking if unsigned literals are legal
configure:12491: gcc -c   --param max-inline-insns-single=1200  -D_GNU_SOURCE -D_FILE_OFFSET_BITS=64  -DNDEBUG conftest.c >&5
configure:12494: $? = 0
configure:12497: test -s conftest.o
configure:12500: $? = 0
configure:12512: result: yes
configure:12528: checking if external errno is declared
configure:12553: gcc -c   --param max-inline-insns-single=1200  -D_GNU_SOURCE -D_FILE_OFFSET_BITS=64  -DNDEBUG conftest.c >&5
configure:12556: $? = 0
configure:12559: test -s conftest.o
configure:12562: $? = 0
configure:12573: result: yes
configure:12588: checking if external errno exists
configure:12610: gcc -o conftest   --param max-inline-insns-single=1200  -D_GNU_SOURCE -D_FILE_OFFSET_BITS=64  -DNDEBUG  conftest.c  >&5
/tmp/ccGIcCX5.o: In function `main':
conftest.c:(.text+0x10): undefined reference to `errno'
collect2: ld returned 1 exit status
configure:12613: $? = 1
configure: failed program was:
#line 12595 "configure"
#include "confdefs.h"

#undef errno
extern int errno;

int
main ()
{
errno = 2
  ;
  return 0;
}
configure:12630: result: no
configure:12643: checking if data-only library module links
configure:12654: gcc -c   --param max-inline-insns-single=1200  -D_GNU_SOURCE -D_FILE_OFFSET_BITS=64  -DNDEBUG conftest.c >&5
configure:12657: $? = 0
mipsel-linux-ar: creating conftest.a
configure:12677: gcc -c   --param max-inline-insns-single=1200  -D_GNU_SOURCE -D_FILE_OFFSET_BITS=64  -DNDEBUG conftest.c >&5
configure:12680: $? = 0
configure:12704: gcc -o conftest   --param max-inline-insns-single=1200  -D_GNU_SOURCE -D_FILE_OFFSET_BITS=64  -DNDEBUG  conftest.c conftest.a  >&5
configure:12707: $? = 0
configure:12709: ./conftest
configure:12712: $? = 0
configure:12727: result: yes
configure:12762: checking for getcwd
configure:12799: gcc -o conftest   --param max-inline-insns-single=1200  -D_GNU_SOURCE -D_FILE_OFFSET_BITS=64  -DNDEBUG  conftest.c  >&5
configure:12802: $? = 0
configure:12805: test -s conftest
configure:12808: $? = 0
configure:12818: result: yes
configure:12762: checking for getegid
configure:12799: gcc -o conftest   --param max-inline-insns-single=1200  -D_GNU_SOURCE -D_FILE_OFFSET_BITS=64  -DNDEBUG  conftest.c  >&5
configure:12802: $? = 0
configure:12805: test -s conftest
configure:12808: $? = 0
configure:12818: result: yes
configure:12762: checking for geteuid
configure:12799: gcc -o conftest   --param max-inline-insns-single=1200  -D_GNU_SOURCE -D_FILE_OFFSET_BITS=64  -DNDEBUG  conftest.c  >&5
configure:12802: $? = 0
configure:12805: test -s conftest
configure:12808: $? = 0
configure:12818: result: yes
configure:12762: checking for getttynam
configure:12799: gcc -o conftest   --param max-inline-insns-single=1200  -D_GNU_SOURCE -D_FILE_OFFSET_BITS=64  -DNDEBUG  conftest.c  >&5
configure:12802: $? = 0
configure:12805: test -s conftest
configure:12808: $? = 0
configure:12818: result: yes
configure:12762: checking for issetugid
configure:12799: gcc -o conftest   --param max-inline-insns-single=1200  -D_GNU_SOURCE -D_FILE_OFFSET_BITS=64  -DNDEBUG  conftest.c  >&5
/tmp/ccygqbeO.o: In function `main':
conftest.c:(.text+0x14): undefined reference to `issetugid'
collect2: ld returned 1 exit status
configure:12802: $? = 1
configure: failed program was:
#line 12768 "configure"
#include "confdefs.h"
/* System header to define __stub macros and hopefully few prototypes,
    which can conflict with char issetugid (); below.  */
#include <assert.h>
/* Override any gcc2 internal prototype to avoid an error.  */
#ifdef __cplusplus
extern "C"
#endif
/* We use char because int might match the return type of a gcc2
   builtin and then its argument prototype would still apply.  */
char issetugid ();
char (*f) ();

int
main ()
{
/* The GNU C library defines this for functions which it implements
    to always fail with ENOSYS.  Some functions are actually named
    something starting with __ and the normal name is an alias.  */
#if defined (__stub_issetugid) || defined (__stub___issetugid)
choke me
#else
f = issetugid;
#endif

  ;
  return 0;
}
configure:12818: result: no
configure:12762: checking for poll
configure:12799: gcc -o conftest   --param max-inline-insns-single=1200  -D_GNU_SOURCE -D_FILE_OFFSET_BITS=64  -DNDEBUG  conftest.c  >&5
configure:12802: $? = 0
configure:12805: test -s conftest
configure:12808: $? = 0
configure:12818: result: yes
configure:12762: checking for remove
configure:12818: result: yes
configure:12762: checking for select
configure:12799: gcc -o conftest   --param max-inline-insns-single=1200  -D_GNU_SOURCE -D_FILE_OFFSET_BITS=64  -DNDEBUG  conftest.c  >&5
configure:12802: $? = 0
configure:12805: test -s conftest
configure:12808: $? = 0
configure:12818: result: yes
configure:12762: checking for setbuf
configure:12799: gcc -o conftest   --param max-inline-insns-single=1200  -D_GNU_SOURCE -D_FILE_OFFSET_BITS=64  -DNDEBUG  conftest.c  >&5
configure:12802: $? = 0
configure:12805: test -s conftest
configure:12808: $? = 0
configure:12818: result: yes
configure:12762: checking for setbuffer
configure:12799: gcc -o conftest   --param max-inline-insns-single=1200  -D_GNU_SOURCE -D_FILE_OFFSET_BITS=64  -DNDEBUG  conftest.c  >&5
configure:12802: $? = 0
configure:12805: test -s conftest
configure:12808: $? = 0
configure:12818: result: yes
configure:12762: checking for setvbuf
configure:12799: gcc -o conftest   --param max-inline-insns-single=1200  -D_GNU_SOURCE -D_FILE_OFFSET_BITS=64  -DNDEBUG  conftest.c  >&5
configure:12802: $? = 0
configure:12805: test -s conftest
configure:12808: $? = 0
configure:12818: result: yes
configure:12762: checking for sigaction
configure:12799: gcc -o conftest   --param max-inline-insns-single=1200  -D_GNU_SOURCE -D_FILE_OFFSET_BITS=64  -DNDEBUG  conftest.c  >&5
configure:12802: $? = 0
configure:12805: test -s conftest
configure:12808: $? = 0
configure:12818: result: yes
configure:12762: checking for sigvec
configure:12799: gcc -o conftest   --param max-inline-insns-single=1200  -D_GNU_SOURCE -D_FILE_OFFSET_BITS=64  -DNDEBUG  conftest.c  >&5
configure:12802: $? = 0
configure:12805: test -s conftest
configure:12808: $? = 0
configure:12818: result: yes
configure:12762: checking for strdup
configure:12799: gcc -o conftest   --param max-inline-insns-single=1200  -D_GNU_SOURCE -D_FILE_OFFSET_BITS=64  -DNDEBUG  conftest.c  >&5
configure:12778: warning: conflicting types for built-in function 'strdup'
configure:12802: $? = 0
configure:12805: test -s conftest
configure:12808: $? = 0
configure:12818: result: yes
configure:12762: checking for strstr
configure:12799: gcc -o conftest   --param max-inline-insns-single=1200  -D_GNU_SOURCE -D_FILE_OFFSET_BITS=64  -DNDEBUG  conftest.c  >&5
configure:12778: warning: conflicting types for built-in function 'strstr'
configure:12802: $? = 0
configure:12805: test -s conftest
configure:12808: $? = 0
configure:12818: result: yes
configure:12762: checking for tcgetpgrp
configure:12799: gcc -o conftest   --param max-inline-insns-single=1200  -D_GNU_SOURCE -D_FILE_OFFSET_BITS=64  -DNDEBUG  conftest.c  >&5
configure:12802: $? = 0
configure:12805: test -s conftest
configure:12808: $? = 0
configure:12818: result: yes
configure:12762: checking for times
configure:12799: gcc -o conftest   --param max-inline-insns-single=1200  -D_GNU_SOURCE -D_FILE_OFFSET_BITS=64  -DNDEBUG  conftest.c  >&5
configure:12802: $? = 0
configure:12805: test -s conftest
configure:12808: $? = 0
configure:12818: result: yes
configure:12762: checking for vsnprintf
configure:12799: gcc -o conftest   --param max-inline-insns-single=1200  -D_GNU_SOURCE -D_FILE_OFFSET_BITS=64  -DNDEBUG  conftest.c  >&5
configure:12778: warning: conflicting types for built-in function 'vsnprintf'
configure:12802: $? = 0
configure:12805: test -s conftest
configure:12808: $? = 0
configure:12818: result: yes
configure:12886: checking for isascii
configure:12905: gcc -o conftest   --param max-inline-insns-single=1200  -D_GNU_SOURCE -D_FILE_OFFSET_BITS=64  -DNDEBUG  conftest.c  >&5
configure:12908: $? = 0
configure:12911: test -s conftest
configure:12914: $? = 0
configure:12925: result: yes
configure:12932: checking whether sigaction needs _POSIX_SOURCE
configure:12949: gcc -c   --param max-inline-insns-single=1200  -D_GNU_SOURCE -D_FILE_OFFSET_BITS=64  -DNDEBUG conftest.c >&5
configure:12952: $? = 0
configure:12955: test -s conftest.o
configure:12958: $? = 0
configure:13005: result: no
configure:13009: checking if nanosleep really works
configure:13044: gcc -o conftest   --param max-inline-insns-single=1200  -D_GNU_SOURCE -D_FILE_OFFSET_BITS=64  -DNDEBUG  conftest.c  >&5
configure:13047: $? = 0
configure:13049: ./conftest
configure:13052: $? = 0
configure:13064: result: yes
configure:13078: checking for termio.h
configure:13088: gcc -E  -D_GNU_SOURCE -D_FILE_OFFSET_BITS=64  -DNDEBUG conftest.c
configure:13094: $? = 0
configure:13113: result: yes
configure:13078: checking for termios.h
configure:13088: gcc -E  -D_GNU_SOURCE -D_FILE_OFFSET_BITS=64  -DNDEBUG conftest.c
configure:13094: $? = 0
configure:13113: result: yes
configure:13078: checking for unistd.h
configure:13113: result: yes
configure:13181: checking whether termios.h needs _POSIX_SOURCE
configure:13196: gcc -c   --param max-inline-insns-single=1200  -D_GNU_SOURCE -D_FILE_OFFSET_BITS=64  -DNDEBUG conftest.c >&5
configure:13199: $? = 0
configure:13202: test -s conftest.o
configure:13205: $? = 0
configure:13251: result: no
configure:13256: checking for tcgetattr
configure:13291: gcc -o conftest   --param max-inline-insns-single=1200  -D_GNU_SOURCE -D_FILE_OFFSET_BITS=64  -DNDEBUG  conftest.c  >&5
configure:13294: $? = 0
configure:13297: test -s conftest
configure:13300: $? = 0
configure:13310: result: yes
configure:13316: checking for vsscanf function or workaround
configure:13339: gcc -o conftest   --param max-inline-insns-single=1200  -D_GNU_SOURCE -D_FILE_OFFSET_BITS=64  -DNDEBUG  conftest.c  >&5
configure:13342: $? = 0
configure:13345: test -s conftest
configure:13348: $? = 0
configure:13441: result: vsscanf
configure:13459: checking for working mkstemp
configure:13566: gcc -o conftest   --param max-inline-insns-single=1200  -D_GNU_SOURCE -D_FILE_OFFSET_BITS=64  -DNDEBUG  conftest.c  >&5
configure:13569: $? = 0
configure:13571: ./conftest
configure:13574: $? = 0
configure:13589: result: yes
configure:13610: checking whether setvbuf arguments are reversed
configure:13638: gcc -o conftest   --param max-inline-insns-single=1200  -D_GNU_SOURCE -D_FILE_OFFSET_BITS=64  -DNDEBUG  conftest.c  >&5
configure: In function 'main':
configure:13630: warning: passing argument 2 of 'setvbuf' makes pointer from integer without a cast
configure:13630: warning: passing argument 3 of 'setvbuf' makes integer from pointer without a cast
configure:13641: $? = 0
configure:13643: ./conftest
configure:13646: $? = 1
configure: program exited with status 1
configure: failed program was:
#line 13621 "configure"
#include "confdefs.h"
#include <stdio.h>
/* If setvbuf has the reversed format, exit 0. */
int
main ()
{
  /* This call has the arguments reversed.
     A reversed system may check and see that the address of main
     is not _IOLBF, _IONBF, or _IOFBF, and return nonzero.  */
  if (setvbuf(stdout, _IOLBF, (char *) main, BUFSIZ) != 0)
    return(1);
  putc('\r', stdout);
  return(0);			/* Non-reversed systems segv here.  */
}
configure:13659: result: no
configure:13670: checking return type of signal handlers
configure:13698: gcc -c   --param max-inline-insns-single=1200  -D_GNU_SOURCE -D_FILE_OFFSET_BITS=64  -DNDEBUG conftest.c >&5
configure:13701: $? = 0
configure:13704: test -s conftest.o
configure:13707: $? = 0
configure:13717: result: void
configure:13724: checking for type sigaction_t
configure:13744: gcc -c   --param max-inline-insns-single=1200  -D_GNU_SOURCE -D_FILE_OFFSET_BITS=64  -DNDEBUG conftest.c >&5
configure: In function 'main':
configure:13737: error: 'sigaction_t' undeclared (first use in this function)
configure:13737: error: (Each undeclared identifier is reported only once
configure:13737: error: for each function it appears in.)
configure:13737: error: expected ';' before 'x'
configure:13747: $? = 1
configure: failed program was:
#line 13731 "configure"
#include "confdefs.h"

#include <signal.h>
int
main ()
{
sigaction_t x
  ;
  return 0;
}
configure:13764: result: no
configure:13770: checking declaration of size-change
configure:13829: gcc -c   --param max-inline-insns-single=1200  -D_GNU_SOURCE -D_FILE_OFFSET_BITS=64  -DNDEBUG conftest.c >&5
configure:13832: $? = 0
configure:13835: test -s conftest.o
configure:13838: $? = 0
size-change succeeded ()
configure:13857: result: yes
configure:13874: checking for memmove
configure:13911: gcc -o conftest   --param max-inline-insns-single=1200  -D_GNU_SOURCE -D_FILE_OFFSET_BITS=64  -DNDEBUG  conftest.c  >&5
configure:13890: warning: conflicting types for built-in function 'memmove'
configure:13914: $? = 0
configure:13917: test -s conftest
configure:13920: $? = 0
configure:13930: result: yes
configure:14062: checking if poll really works
configure:14093: gcc -o conftest   --param max-inline-insns-single=1200  -D_GNU_SOURCE -D_FILE_OFFSET_BITS=64  -DNDEBUG  conftest.c  >&5
configure:14096: $? = 0
configure:14098: ./conftest
configure:14101: $? = 0
configure:14113: result: yes
configure:14121: checking for openpty in -lutil
configure:14148: gcc -o conftest   --param max-inline-insns-single=1200  -D_GNU_SOURCE -D_FILE_OFFSET_BITS=64  -DNDEBUG  conftest.c -lutil   >&5
configure:14151: $? = 0
configure:14154: test -s conftest
configure:14157: $? = 0
configure:14168: result: yes
configure:14176: checking for openpty header
configure:14204: gcc -o conftest   --param max-inline-insns-single=1200  -D_GNU_SOURCE -D_FILE_OFFSET_BITS=64  -DNDEBUG  conftest.c -lutil  >&5
configure:14207: $? = 0
configure:14210: test -s conftest
configure:14213: $? = 0
configure:14231: result: pty.h
configure:14611: checking if we should include stdbool.h
configure:14631: gcc -c --param max-inline-insns-single=1200  -D_GNU_SOURCE -D_FILE_OFFSET_BITS=64  -DNDEBUG conftest.c >&5
configure: In function 'main':
configure:14624: error: 'bool' undeclared (first use in this function)
configure:14624: error: (Each undeclared identifier is reported only once
configure:14624: error: for each function it appears in.)
configure:14624: error: expected ';' before 'foo'
configure:14634: $? = 1
configure: failed program was:
#line 14619 "configure"
#include "confdefs.h"

int
main ()
{
bool foo = false
  ;
  return 0;
}
configure:14663: gcc -c --param max-inline-insns-single=1200  -D_GNU_SOURCE -D_FILE_OFFSET_BITS=64  -DNDEBUG conftest.c >&5
configure:14666: $? = 0
configure:14669: test -s conftest.o
configure:14672: $? = 0
configure:14686: result: yes
configure:14692: checking for builtin bool type
configure:14715: gcc -c --param max-inline-insns-single=1200  -D_GNU_SOURCE -D_FILE_OFFSET_BITS=64  -DNDEBUG conftest.c >&5
configure: In function 'main':
configure:14708: error: 'bool' undeclared (first use in this function)
configure:14708: error: (Each undeclared identifier is reported only once
configure:14708: error: for each function it appears in.)
configure:14708: error: expected ';' before 'x'
configure:14718: $? = 1
configure: failed program was:
#line 14700 "configure"
#include "confdefs.h"

#include <stdio.h>
#include <sys/types.h>

int
main ()
{
bool x = false
  ;
  return 0;
}
configure:14739: result: no
configure:14761: checking for library stdc++
configure:14786: mipsel-linux-g++ -o conftest -O2  -D_GNU_SOURCE -D_FILE_OFFSET_BITS=64  -DNDEBUG  conftest.cc  -lstdc++ >&5
configure:14772:23: strstream.h: No such file or directory
configure: In function `int main()':
configure:14778: error: `strstreambuf' undeclared (first use this function)
configure:14778: error: (Each undeclared identifier is reported only once for each function it appears in.)
configure:14778: error: expected `;' before "foo"
configure:14789: $? = 1
configure: failed program was:
#line 14770 "configure"
#include "confdefs.h"

#include <strstream.h>
int
main ()
{

char buf[80];
strstreambuf foo(buf, sizeof(buf))

  ;
  return 0;
}
configure:14807: result: no
configure:14812: checking whether mipsel-linux-g++ understands -c and -o together
configure:14828: mipsel-linux-g++ -c conftest.cc -o conftest2.o >&5
configure:14831: $? = 0
configure:14833: mipsel-linux-g++ -c conftest.cc -o conftest2.o >&5
configure:14836: $? = 0
configure:14847: result: yes
configure:14973: checking how to run the C++ preprocessor
configure:14995: mipsel-linux-g++ -E  -D_GNU_SOURCE -D_FILE_OFFSET_BITS=64  -DNDEBUG conftest.cc
configure:15001: $? = 0
configure:15028: mipsel-linux-g++ -E  -D_GNU_SOURCE -D_FILE_OFFSET_BITS=64  -DNDEBUG conftest.cc
configure:15025:28: ac_nonexistent.h: No such file or directory
configure:15034: $? = 1
configure: failed program was:
#line 15024 "configure"
#include "confdefs.h"
#include <ac_nonexistent.h>
configure:15071: result: mipsel-linux-g++ -E
configure:15086: mipsel-linux-g++ -E  -D_GNU_SOURCE -D_FILE_OFFSET_BITS=64  -DNDEBUG conftest.cc
configure:15092: $? = 0
configure:15119: mipsel-linux-g++ -E  -D_GNU_SOURCE -D_FILE_OFFSET_BITS=64  -DNDEBUG conftest.cc
configure:15116:28: ac_nonexistent.h: No such file or directory
configure:15125: $? = 1
configure: failed program was:
#line 15115 "configure"
#include "confdefs.h"
#include <ac_nonexistent.h>
configure:15168: checking for iostream
configure:15178: mipsel-linux-g++ -E  -D_GNU_SOURCE -D_FILE_OFFSET_BITS=64  -DNDEBUG conftest.cc
configure:15184: $? = 0
configure:15203: result: yes
configure:15168: checking for typeinfo
configure:15178: mipsel-linux-g++ -E  -D_GNU_SOURCE -D_FILE_OFFSET_BITS=64  -DNDEBUG conftest.cc
configure:15184: $? = 0
configure:15203: result: yes
configure:15214: checking if iostream uses std-namespace
configure:15234: mipsel-linux-g++ -c -O2  -D_GNU_SOURCE -D_FILE_OFFSET_BITS=64  -DNDEBUG conftest.cc >&5
configure:15237: $? = 0
configure:15240: test -s conftest.o
configure:15243: $? = 0
configure:15252: result: yes
configure:15262: checking if we should include stdbool.h
configure:15337: result: yes
configure:15343: checking for builtin bool type
configure:15366: mipsel-linux-g++ -c -O2  -D_GNU_SOURCE -D_FILE_OFFSET_BITS=64  -DNDEBUG conftest.cc >&5
configure:15369: $? = 0
configure:15372: test -s conftest.o
configure:15375: $? = 0
configure:15388: result: yes
configure:15394: checking for size of bool
configure:15447: mipsel-linux-g++ -o conftest -O2  -D_GNU_SOURCE -D_FILE_OFFSET_BITS=64  -DNDEBUG  conftest.cc  >&5
configure:15450: $? = 0
configure:15452: ./conftest
./configure: line 15453: ./conftest: cannot execute binary file
configure:15455: $? = 126
configure: program exited with status 126
configure: failed program was:
#line 15405 "configure"
#include "confdefs.h"

#include <stdlib.h>
#include <stdio.h>

#if defined(__cplusplus)

#ifdef HAVE_GXX_BUILTIN_H
#include <g++/builtin.h>
#elif HAVE_GPP_BUILTIN_H
#include <gpp/builtin.h>
#elif HAVE_BUILTIN_H
#include <builtin.h>
#endif

#else

#if 1
#include <stdbool.h>
#endif

#endif

main()
{
	FILE *fp = fopen("cf_test.out", "w");
	if (fp != 0) {
		bool x = true;
		if ((bool)(-x) >= 0)
			fputs("unsigned ", fp);
		if (sizeof(x) == sizeof(int))       fputs("int",  fp);
		else if (sizeof(x) == sizeof(char)) fputs("char", fp);
		else if (sizeof(x) == sizeof(short))fputs("short",fp);
		else if (sizeof(x) == sizeof(long)) fputs("long", fp);
		fclose(fp);
	}
	return(0);
}

configure:15473: result: unknown
configure:15479: WARNING: Assuming unsigned for type of bool
configure:15484: checking for special defines needed for etip.h
configure:15510: mipsel-linux-g++ -c -O2 -I./c++ -I./menu -I./include  -D_GNU_SOURCE -D_FILE_OFFSET_BITS=64  -DNDEBUG conftest.cc >&5
configure:15513: $? = 0
configure:15516: test -s conftest.o
configure:15519: $? = 0
configure:15510: mipsel-linux-g++ -c -O2 -I./c++ -I./menu -I./include -DETIP_NEEDS_MATH_H  -D_GNU_SOURCE -D_FILE_OFFSET_BITS=64  -DNDEBUG conftest.cc >&5
configure:15513: $? = 0
configure:15516: test -s conftest.o
configure:15519: $? = 0
configure:15540: result: MATH_H 
configure:15545: checking if mipsel-linux-g++ accepts parameter initialization
configure:15581: mipsel-linux-g++ -o conftest -O2  -D_GNU_SOURCE -D_FILE_OFFSET_BITS=64  -DNDEBUG  conftest.cc  >&5
configure:15573: error: default argument given for parameter 1 of `TEST::TEST(int)'
configure:15568: error: after previous specification in `TEST::TEST(int)'
configure:15576: error: `main' must return `int'
configure:15584: $? = 1
configure: program exited with status 1
configure: failed program was:
#line 15562 "configure"
#include "confdefs.h"

class TEST {
private:
	int value;
public:
	TEST(int x = 1);
	~TEST();
};

TEST::TEST(int x = 1)	// some compilers do not like second initializer
{
	value = x;
}
void main() { }

configure:15608: result: no
configure:15617: checking if mipsel-linux-g++ accepts static_cast
configure:15675: mipsel-linux-g++ -c -O2  -D_GNU_SOURCE -D_FILE_OFFSET_BITS=64  -DNDEBUG conftest.cc >&5
configure:15678: $? = 0
configure:15681: test -s conftest.o
configure:15684: $? = 0
configure:15702: result: yes
configure:15886: checking for gnatmake
configure:15910: result: no
configure:16166: checking for library subsets
configure:16191: result: ticlib+termlib+ext_tinfo+base+ext_funcs
configure:16229: checking default library suffix
configure:16240: result: 
configure:16243: checking default library-dependency suffix
configure:16292: result: .a
configure:16295: checking default object directory
configure:16311: result: objects
configure:16316: checking c++ library-dependency suffix
configure:16369: result: .a
configure:16522: checking where we will install curses.h
configure:16527: result: ${prefix}/include
configure:16551: checking for src modules
configure:16614: result: ncurses progs panel menu form
configure:16935: creating ./config.status

## ----------------------- ##
## Running config.status.  ##
## ----------------------- ##

This file was extended by config.status 2.52.20080325, executed with
  CONFIG_FILES    = 
  CONFIG_HEADERS  = 
  CONFIG_LINKS    = 
  CONFIG_COMMANDS = 
  > ./config.status 
on builder

config.status:17610: creating include/MKterm.h.awk
config.status:17610: creating include/curses.head
config.status:17610: creating include/termcap.h
config.status:17610: creating include/unctrl.h
config.status:17610: creating man/Makefile
config.status:17610: creating include/Makefile
config.status:17610: creating ncurses/Makefile
config.status:17610: creating progs/Makefile
config.status:17610: creating panel/Makefile
config.status:17610: creating menu/Makefile
config.status:17610: creating form/Makefile
config.status:17610: creating test/Makefile
config.status:17610: creating misc/Makefile
config.status:17610: creating c++/Makefile
config.status:17610: creating Ada95/gen/adacurses-config
config.status:17610: creating misc/run_tic.sh
config.status:17610: creating misc/ncurses-config
config.status:17610: creating Makefile
config.status:17707: creating include/ncurses_cfg.h

## ----------------- ##
## Cache variables.  ##
## ----------------- ##

ac_cv_build=i686-pc-linux-gnu
ac_cv_build_alias=i686-pc-linux-gnu
ac_cv_c_compiler_gnu=yes
ac_cv_c_const=yes
ac_cv_c_inline=inline
ac_cv_cxx_compiler_gnu=yes
ac_cv_env_CC_set=set
ac_cv_env_CC_value=gcc
ac_cv_env_CFLAGS_set=set
ac_cv_env_CFLAGS_value=
ac_cv_env_CPPFLAGS_set=
ac_cv_env_CPPFLAGS_value=
ac_cv_env_CPP_set=
ac_cv_env_CPP_value=
ac_cv_env_CXXCPP_set=
ac_cv_env_CXXCPP_value=
ac_cv_env_CXXFLAGS_set=
ac_cv_env_CXXFLAGS_value=
ac_cv_env_CXX_set=set
ac_cv_env_CXX_value=
ac_cv_env_LDFLAGS_set=
ac_cv_env_LDFLAGS_value=
ac_cv_env_build_alias_set=
ac_cv_env_build_alias_value=
ac_cv_env_host_alias_set=set
ac_cv_env_host_alias_value=mipsel-linux
ac_cv_env_target_alias_set=
ac_cv_env_target_alias_value=
ac_cv_func_fseeko=yes
ac_cv_func_getcwd=yes
ac_cv_func_getegid=yes
ac_cv_func_geteuid=yes
ac_cv_func_gettimeofday=yes
ac_cv_func_getttynam=yes
ac_cv_func_issetugid=no
ac_cv_func_link=yes
ac_cv_func_memmove=yes
ac_cv_func_poll=yes
ac_cv_func_remove=yes
ac_cv_func_select=yes
ac_cv_func_setbuf=yes
ac_cv_func_setbuffer=yes
ac_cv_func_setvbuf=yes
ac_cv_func_setvbuf_reversed=no
ac_cv_func_sigaction=yes
ac_cv_func_sigvec=yes
ac_cv_func_strdup=yes
ac_cv_func_strstr=yes
ac_cv_func_symlink=yes
ac_cv_func_tcgetpgrp=yes
ac_cv_func_times=yes
ac_cv_func_unlink=yes
ac_cv_func_vsnprintf=yes
ac_cv_header_dirent_dirent_h=yes
ac_cv_header_fcntl_h=yes
ac_cv_header_getopt_h=yes
ac_cv_header_gpm_h=no
ac_cv_header_inttypes_h=yes
ac_cv_header_iostream=yes
ac_cv_header_limits_h=yes
ac_cv_header_locale_h=yes
ac_cv_header_memory_h=yes
ac_cv_header_poll_h=yes
ac_cv_header_stdc=yes
ac_cv_header_stdint_h=yes
ac_cv_header_stdlib_h=yes
ac_cv_header_string_h=yes
ac_cv_header_strings_h=yes
ac_cv_header_sys_bsdtypes_h=no
ac_cv_header_sys_ioctl_h=yes
ac_cv_header_sys_param_h=yes
ac_cv_header_sys_poll_h=yes
ac_cv_header_sys_select_h=yes
ac_cv_header_sys_stat_h=yes
ac_cv_header_sys_time_h=yes
ac_cv_header_sys_times_h=yes
ac_cv_header_sys_types_h=yes
ac_cv_header_termio_h=yes
ac_cv_header_termios_h=yes
ac_cv_header_time=yes
ac_cv_header_ttyent_h=yes
ac_cv_header_typeinfo=yes
ac_cv_header_unistd_h=yes
ac_cv_header_wctype_h=yes
ac_cv_host=mipsel-unknown-linux-gnu
ac_cv_host_alias=mipsel-linux
ac_cv_lib_dir_opendir=no
ac_cv_lib_util_openpty=yes
ac_cv_objext=o
ac_cv_path_LDCONFIG=/sbin/ldconfig
ac_cv_path_install='/usr/bin/install -c'
ac_cv_prog_AR=mipsel-linux-ar
ac_cv_prog_AWK=mawk
ac_cv_prog_CC=gcc
ac_cv_prog_CPP='gcc -E'
ac_cv_prog_CXX=mipsel-linux-g++
ac_cv_prog_CXXCPP='mipsel-linux-g++ -E'
ac_cv_prog_LD=/mipsel-linux-ld
ac_cv_prog_MAKE_LOWER_TAGS=yes
ac_cv_prog_MAKE_UPPER_TAGS=yes
ac_cv_prog_RANLIB=mipsel-linux-ranlib
ac_cv_prog_cc_g=yes
ac_cv_prog_cc_stdc=
ac_cv_prog_cxx_g=yes
ac_cv_prog_egrep='grep -E'
ac_cv_prog_gcc_traditional=no
ac_cv_prog_gnat_exists=no
ac_cv_prog_make_make_set=yes
ac_cv_sizeof_signed_char=1
ac_cv_sys_file_offset_bits=64
ac_cv_sys_large_files=no
ac_cv_sys_largefile_CC=no
ac_cv_sys_largefile_source=no
ac_cv_sys_long_file_names=yes
ac_cv_target=mipsel-unknown-linux-gnu
ac_cv_target_alias=mipsel-linux
ac_cv_type_signal=void
ac_cv_type_signed_char=yes
am_cv_langinfo_codeset=yes
cf_cv_1UL=1UL
cf_cv_abi_version=5
cf_cv_ansi_cc=-DCC_HAS_PROTOS
cf_cv_builtin_bool=1
cf_cv_cc_bool_type=0
cf_cv_cc_u_d_options=yes
cf_cv_cpp_param_init=no
cf_cv_cpp_static_cast=yes
cf_cv_dcl_errno=yes
cf_cv_define_sigwinch=yes
cf_cv_do_symlinks=yes
cf_cv_enable_lp64=0
cf_cv_enable_opaque=NCURSES_OPAQUE
cf_cv_enable_reentrant=0
cf_cv_func_mkstemp=yes
cf_cv_func_nanosleep=yes
cf_cv_func_openpty=pty.h
cf_cv_func_vsscanf=vsscanf
cf_cv_gcc_inline=yes
cf_cv_gnu_source=yes
cf_cv_have_errno=no
cf_cv_have_isascii=yes
cf_cv_have_tcgetattr=yes
cf_cv_header_stdbool_h=1
cf_cv_lib_util=yes
cf_cv_libstdcpp=no
cf_cv_link_dataonly=yes
cf_cv_link_funcs=' link symlink'
cf_cv_makeflags=
cf_cv_mixedcase=yes
cf_cv_need_libm=yes
cf_cv_prog_CC_c_o=yes
cf_cv_prog_CXX_c_o=yes
cf_cv_regex=regex.h
cf_cv_rel_version=5.7
cf_cv_rm_so_locs=no
cf_cv_shared_soname='`basename $@ .${REL_VERSION}`.${ABI_VERSION}'
cf_cv_shlib_version=rel
cf_cv_shlib_version_infix=no
cf_cv_sig_atomic_t='volatile sig_atomic_t'
cf_cv_sizechange=yes
cf_cv_src_modules='ncurses progs panel menu form'
cf_cv_struct_dirent64=no
cf_cv_subst_AR_OPTS=rv
cf_cv_sys_time_select=yes
cf_cv_system_name=linux-gnu
cf_cv_timestamp='Thu May 21 16:20:42 CST 2009'
cf_cv_type_of_bool=unsigned
cf_cv_type_sigaction=no
cf_cv_typeof_chtype=long
cf_cv_typeof_mmask_t=long
cf_cv_unsigned_literals=yes
cf_cv_weak_symbols=no
cf_cv_working_poll=yes

## ------------ ##
## confdefs.h.  ##
## ------------ ##

#define SYSTEM_NAME "linux-gnu"
#define CC_HAS_PROTOS 1
#ifdef __cplusplus
#include <stdlib.h>
#endif
#define HAVE_LONG_FILE_NAMES 1
#define MIXEDCASE_FILENAMES 1
#define USE_DATABASE 1
#define TERMINFO_DIRS "/usr/share/terminfo"
#define TERMINFO "/usr/share/terminfo"
#define HAVE_BIG_CORE 1
#define PURE_TERMINFO 1
#define USE_HOME_TERMINFO 1
#define USE_ROOT_ENVIRON 1
#define HAVE_REMOVE 1
#define HAVE_UNLINK 1
#define HAVE_LINK 1
#define HAVE_SYMLINK 1
#define USE_LINKS 1
#define HAVE_LANGINFO_CODESET 1
#define _FILE_OFFSET_BITS 64
#define HAVE_FSEEKO 1
#define HAVE_CURSES_VERSION 1
#define HAVE_HAS_KEY 1
#define HAVE_RESIZETERM 1
#define HAVE_RESIZE_TERM 1
#define HAVE_USE_DEFAULT_COLORS 1
#define HAVE_WRESIZE 1
#define NCURSES_EXT_FUNCS 1
#define NCURSES_NO_PADDING 1
#define STDC_HEADERS 1
#define HAVE_SYS_TYPES_H 1
#define HAVE_SYS_STAT_H 1
#define HAVE_STDLIB_H 1
#define HAVE_STRING_H 1
#define HAVE_MEMORY_H 1
#define HAVE_STRINGS_H 1
#define HAVE_INTTYPES_H 1
#define HAVE_STDINT_H 1
#define HAVE_UNISTD_H 1
#define SIZEOF_SIGNED_CHAR 1
#define USE_SIGWINCH 1
#define USE_ASSUMED_COLOR 1
#define USE_HASHMAP 1
#define GCC_SCANF 1
#define GCC_PRINTF 1
#define GCC_UNUSED __attribute__((unused))
#define GCC_NORETURN __attribute__((noreturn))
#define NDEBUG 1
#define HAVE_NC_ALLOC_H 1
#define HAVE_GETTIMEOFDAY 1
#define STDC_HEADERS 1
#define HAVE_DIRENT_H 1
#define TIME_WITH_SYS_TIME 1
#define HAVE_REGEX_H_FUNCS 1
#define HAVE_FCNTL_H 1
#define HAVE_GETOPT_H 1
#define HAVE_LIMITS_H 1
#define HAVE_LOCALE_H 1
#define HAVE_POLL_H 1
#define HAVE_SYS_IOCTL_H 1
#define HAVE_SYS_PARAM_H 1
#define HAVE_SYS_POLL_H 1
#define HAVE_SYS_SELECT_H 1
#define HAVE_SYS_TIME_H 1
#define HAVE_SYS_TIMES_H 1
#define HAVE_TTYENT_H 1
#define HAVE_UNISTD_H 1
#define HAVE_WCTYPE_H 1
#define HAVE_SYS_TIME_SELECT 1
#define SIG_ATOMIC_T volatile sig_atomic_t
#define TYPEOF_CHTYPE long
#define HAVE_GETCWD 1
#define HAVE_GETEGID 1
#define HAVE_GETEUID 1
#define HAVE_GETTTYNAM 1
#define HAVE_POLL 1
#define HAVE_REMOVE 1
#define HAVE_SELECT 1
#define HAVE_SETBUF 1
#define HAVE_SETBUFFER 1
#define HAVE_SETVBUF 1
#define HAVE_SIGACTION 1
#define HAVE_SIGVEC 1
#define HAVE_STRDUP 1
#define HAVE_STRSTR 1
#define HAVE_TCGETPGRP 1
#define HAVE_TIMES 1
#define HAVE_VSNPRINTF 1
#define HAVE_ISASCII 1
#define HAVE_NANOSLEEP 1
#define HAVE_TERMIO_H 1
#define HAVE_TERMIOS_H 1
#define HAVE_UNISTD_H 1
#define HAVE_TCGETATTR 1
#define HAVE_VSSCANF 1
#define HAVE_MKSTEMP 1
#define RETSIGTYPE void
#define HAVE_SIZECHANGE 1
#define HAVE_WORKING_POLL 1
#define USE_OPENPTY_HEADER <pty.h>
#define USE_XTERM_PTY 1
#define HAVE_IOSTREAM 1
#define HAVE_TYPEINFO 1
#define IOSTREAM_NAMESPACE 1
#define ETIP_NEEDS_MATH_H 1
#define CPP_HAS_STATIC_CAST 1
#define HAVE_SLK_COLOR 1
#define HAVE_PANEL_H 1
#define HAVE_LIBPANEL 1
#define HAVE_MENU_H 1
#define HAVE_LIBMENU 1
#define HAVE_FORM_H 1
#define HAVE_LIBFORM 1
#define NCURSES_PATHSEP ':'
#define NCURSES_VERSION_STRING "5.7.20081102"


configure: exit 0
