This file contains any messages produced by compilers while
running configure, to aid debugging if configure makes a mistake.

It was created by configure, which was
generated by GNU Autoconf 2.59.  Invocation command line was

  $ ./configure 

## --------- ##
## Platform. ##
## --------- ##

hostname = arch0
uname -m = x86_64
uname -r = 2.6.9-22.EL
uname -s = Linux
uname -v = #1 Mon Sep 19 17:49:49 EDT 2005

/usr/bin/uname -p = unknown
/bin/uname -X     = unknown

/bin/arch              = x86_64
/usr/bin/arch -k       = unknown
/usr/convex/getsysinfo = unknown
hostinfo               = unknown
/bin/machine           = unknown
/usr/bin/oslevel       = unknown
/bin/universe          = unknown

PATH: /opt/sde6/bin
PATH: /usr/kerberos/bin
PATH: /usr/local/bin
PATH: /bin
PATH: /usr/bin
PATH: /opt/surfmilo/cross-dev/usr/bin
PATH: /home/steven/bin
PATH: /sbin
PATH: /opt/crosstool/gcc-3.3.3-glibc-2.3.2/mipsel-linux-gnu/bin/
PATH: /opt/buildroot/bin


## ----------- ##
## Core tests. ##
## ----------- ##

configure:1349: checking for gcc
configure:1365: found /usr/bin/gcc
configure:1375: result: gcc
configure:1619: checking for C compiler version
configure:1622: gcc --version </dev/null >&5
gcc (GCC) 3.4.4 20050721 (Red Hat 3.4.4-2)
Copyright (C) 2004 Free Software Foundation, Inc.
This is free software; see the source for copying conditions.  There is NO
warranty; not even for MERCHANTABILITY or FITNESS FOR A PARTICULAR PURPOSE.

configure:1625: $? = 0
configure:1627: gcc -v </dev/null >&5
Reading specs from /usr/lib/gcc/x86_64-redhat-linux/3.4.4/specs
Configured with: ../configure --prefix=/usr --mandir=/usr/share/man --infodir=/usr/share/info --enable-shared --enable-threads=posix --disable-checking --with-system-zlib --enable-__cxa_atexit --disable-libunwind-exceptions --enable-java-awt=gtk --host=x86_64-redhat-linux
Thread model: posix
gcc version 3.4.4 20050721 (Red Hat 3.4.4-2)
configure:1630: $? = 0
configure:1632: gcc -V </dev/null >&5
gcc: `-V' option must have argument
configure:1635: $? = 1
configure:1658: checking for C compiler default output file name
configure:1661: gcc    conftest.c  >&5
configure:1664: $? = 0
configure:1710: result: a.out
configure:1715: checking whether the C compiler works
configure:1721: ./a.out
configure:1724: $? = 0
configure:1741: result: yes
configure:1748: checking whether we are cross compiling
configure:1750: result: no
configure:1753: checking for suffix of executables
configure:1755: gcc -o conftest    conftest.c  >&5
configure:1758: $? = 0
configure:1783: result: 
configure:1789: checking for suffix of object files
configure:1810: gcc -c   conftest.c >&5
configure:1813: $? = 0
configure:1835: result: o
configure:1839: checking whether we are using the GNU C compiler
configure:1863: gcc -c   conftest.c >&5
configure:1869: $? = 0
configure:1872: test -z 			 || test ! -s conftest.err
configure:1875: $? = 0
configure:1878: test -s conftest.o
configure:1881: $? = 0
configure:1894: result: yes
configure:1900: checking whether gcc accepts -g
configure:1921: gcc -c -g  conftest.c >&5
configure:1927: $? = 0
configure:1930: test -z 			 || test ! -s conftest.err
configure:1933: $? = 0
configure:1936: test -s conftest.o
configure:1939: $? = 0
configure:1950: result: yes
configure:1967: checking for gcc option to accept ANSI C
configure:2037: gcc  -c -g -O2  conftest.c >&5
configure:2043: $? = 0
configure:2046: test -z 			 || test ! -s conftest.err
configure:2049: $? = 0
configure:2052: test -s conftest.o
configure:2055: $? = 0
configure:2073: result: none needed
configure:2091: gcc -c -g -O2  conftest.c >&5
conftest.c:2: error: syntax error before "me"
configure:2097: $? = 1
configure: failed program was:
| #ifndef __cplusplus
|   choke me
| #endif
configure:2268: checking for ranlib
configure:2284: found /usr/bin/ranlib
configure:2295: result: ranlib
configure:2315: checking how to run the C preprocessor
configure:2350: gcc -E  conftest.c
configure:2356: $? = 0
configure:2388: gcc -E  conftest.c
conftest.c:9:28: ac_nonexistent.h: No such file or directory
configure:2394: $? = 1
configure: failed program was:
| /* confdefs.h.  */
| 
| #define PACKAGE_NAME ""
| #define PACKAGE_TARNAME ""
| #define PACKAGE_VERSION ""
| #define PACKAGE_STRING ""
| #define PACKAGE_BUGREPORT ""
| /* end confdefs.h.  */
| #include <ac_nonexistent.h>
configure:2433: result: gcc -E
configure:2457: gcc -E  conftest.c
configure:2463: $? = 0
configure:2495: gcc -E  conftest.c
conftest.c:9:28: ac_nonexistent.h: No such file or directory
configure:2501: $? = 1
configure: failed program was:
| /* confdefs.h.  */
| 
| #define PACKAGE_NAME ""
| #define PACKAGE_TARNAME ""
| #define PACKAGE_VERSION ""
| #define PACKAGE_STRING ""
| #define PACKAGE_BUGREPORT ""
| /* end confdefs.h.  */
| #include <ac_nonexistent.h>
configure:2545: checking for egrep
configure:2555: result: grep -E
configure:2560: checking for ANSI C header files
configure:2585: gcc -c -g -O2  conftest.c >&5
configure:2591: $? = 0
configure:2594: test -z 			 || test ! -s conftest.err
configure:2597: $? = 0
configure:2600: test -s conftest.o
configure:2603: $? = 0
configure:2692: gcc -o conftest -g -O2   conftest.c  >&5
configure:2695: $? = 0
configure:2697: ./conftest
configure:2700: $? = 0
configure:2715: result: yes
configure:2725: checking for sys/wait.h that is POSIX.1 compatible
configure:2756: gcc -c -g -O2  conftest.c >&5
configure:2762: $? = 0
configure:2765: test -z 			 || test ! -s conftest.err
configure:2768: $? = 0
configure:2771: test -s conftest.o
configure:2774: $? = 0
configure:2785: result: yes
configure:2809: checking for sys/types.h
configure:2825: gcc -c -g -O2  conftest.c >&5
configure:2831: $? = 0
configure:2834: test -z 			 || test ! -s conftest.err
configure:2837: $? = 0
configure:2840: test -s conftest.o
configure:2843: $? = 0
configure:2854: result: yes
configure:2809: checking for sys/stat.h
configure:2825: gcc -c -g -O2  conftest.c >&5
configure:2831: $? = 0
configure:2834: test -z 			 || test ! -s conftest.err
configure:2837: $? = 0
configure:2840: test -s conftest.o
configure:2843: $? = 0
configure:2854: result: yes
configure:2809: checking for stdlib.h
configure:2825: gcc -c -g -O2  conftest.c >&5
configure:2831: $? = 0
configure:2834: test -z 			 || test ! -s conftest.err
configure:2837: $? = 0
configure:2840: test -s conftest.o
configure:2843: $? = 0
configure:2854: result: yes
configure:2809: checking for string.h
configure:2825: gcc -c -g -O2  conftest.c >&5
configure:2831: $? = 0
configure:2834: test -z 			 || test ! -s conftest.err
configure:2837: $? = 0
configure:2840: test -s conftest.o
configure:2843: $? = 0
configure:2854: result: yes
configure:2809: checking for memory.h
configure:2825: gcc -c -g -O2  conftest.c >&5
configure:2831: $? = 0
configure:2834: test -z 			 || test ! -s conftest.err
configure:2837: $? = 0
configure:2840: test -s conftest.o
configure:2843: $? = 0
configure:2854: result: yes
configure:2809: checking for strings.h
configure:2825: gcc -c -g -O2  conftest.c >&5
configure:2831: $? = 0
configure:2834: test -z 			 || test ! -s conftest.err
configure:2837: $? = 0
configure:2840: test -s conftest.o
configure:2843: $? = 0
configure:2854: result: yes
configure:2809: checking for inttypes.h
configure:2825: gcc -c -g -O2  conftest.c >&5
configure:2831: $? = 0
configure:2834: test -z 			 || test ! -s conftest.err
configure:2837: $? = 0
configure:2840: test -s conftest.o
configure:2843: $? = 0
configure:2854: result: yes
configure:2809: checking for stdint.h
configure:2825: gcc -c -g -O2  conftest.c >&5
configure:2831: $? = 0
configure:2834: test -z 			 || test ! -s conftest.err
configure:2837: $? = 0
configure:2840: test -s conftest.o
configure:2843: $? = 0
configure:2854: result: yes
configure:2809: checking for unistd.h
configure:2825: gcc -c -g -O2  conftest.c >&5
configure:2831: $? = 0
configure:2834: test -z 			 || test ! -s conftest.err
configure:2837: $? = 0
configure:2840: test -s conftest.o
configure:2843: $? = 0
configure:2854: result: yes
configure:2906: checking fcntl.h usability
configure:2918: gcc -c -g -O2  conftest.c >&5
configure:2924: $? = 0
configure:2927: test -z 			 || test ! -s conftest.err
configure:2930: $? = 0
configure:2933: test -s conftest.o
configure:2936: $? = 0
configure:2946: result: yes
configure:2950: checking fcntl.h presence
configure:2960: gcc -E  conftest.c
configure:2966: $? = 0
configure:2986: result: yes
configure:3021: checking for fcntl.h
configure:3028: result: yes
configure:2906: checking sys/dlpi.h usability
configure:2918: gcc -c -g -O2  conftest.c >&5
conftest.c:55:22: sys/dlpi.h: No such file or directory
configure:2924: $? = 1
configure: failed program was:
| /* confdefs.h.  */
| 
| #define PACKAGE_NAME ""
| #define PACKAGE_TARNAME ""
| #define PACKAGE_VERSION ""
| #define PACKAGE_STRING ""
| #define PACKAGE_BUGREPORT ""
| #define STDC_HEADERS 1
| #define HAVE_SYS_WAIT_H 1
| #define HAVE_SYS_TYPES_H 1
| #define HAVE_SYS_STAT_H 1
| #define HAVE_STDLIB_H 1
| #define HAVE_STRING_H 1
| #define HAVE_MEMORY_H 1
| #define HAVE_STRINGS_H 1
| #define HAVE_INTTYPES_H 1
| #define HAVE_STDINT_H 1
| #define HAVE_UNISTD_H 1
| #define HAVE_FCNTL_H 1
| /* end confdefs.h.  */
| #include <stdio.h>
| #if HAVE_SYS_TYPES_H
| # include <sys/types.h>
| #endif
| #if HAVE_SYS_STAT_H
| # include <sys/stat.h>
| #endif
| #if STDC_HEADERS
| # include <stdlib.h>
| # include <stddef.h>
| #else
| # if HAVE_STDLIB_H
| #  include <stdlib.h>
| # endif
| #endif
| #if HAVE_STRING_H
| # if !STDC_HEADERS && HAVE_MEMORY_H
| #  include <memory.h>
| # endif
| # include <string.h>
| #endif
| #if HAVE_STRINGS_H
| # include <strings.h>
| #endif
| #if HAVE_INTTYPES_H
| # include <inttypes.h>
| #else
| # if HAVE_STDINT_H
| #  include <stdint.h>
| # endif
| #endif
| #if HAVE_UNISTD_H
| # include <unistd.h>
| #endif
| #include <sys/dlpi.h>
configure:2946: result: no
configure:2950: checking sys/dlpi.h presence
configure:2960: gcc -E  conftest.c
conftest.c:21:22: sys/dlpi.h: No such file or directory
configure:2966: $? = 1
configure: failed program was:
| /* confdefs.h.  */
| 
| #define PACKAGE_NAME ""
| #define PACKAGE_TARNAME ""
| #define PACKAGE_VERSION ""
| #define PACKAGE_STRING ""
| #define PACKAGE_BUGREPORT ""
| #define STDC_HEADERS 1
| #define HAVE_SYS_WAIT_H 1
| #define HAVE_SYS_TYPES_H 1
| #define HAVE_SYS_STAT_H 1
| #define HAVE_STDLIB_H 1
| #define HAVE_STRING_H 1
| #define HAVE_MEMORY_H 1
| #define HAVE_STRINGS_H 1
| #define HAVE_INTTYPES_H 1
| #define HAVE_STDINT_H 1
| #define HAVE_UNISTD_H 1
| #define HAVE_FCNTL_H 1
| /* end confdefs.h.  */
| #include <sys/dlpi.h>
configure:2986: result: no
configure:3021: checking for sys/dlpi.h
configure:3028: result: no
configure:2906: checking sys/ioctl.h usability
configure:2918: gcc -c -g -O2  conftest.c >&5
configure:2924: $? = 0
configure:2927: test -z 			 || test ! -s conftest.err
configure:2930: $? = 0
configure:2933: test -s conftest.o
configure:2936: $? = 0
configure:2946: result: yes
configure:2950: checking sys/ioctl.h presence
configure:2960: gcc -E  conftest.c
configure:2966: $? = 0
configure:2986: result: yes
configure:3021: checking for sys/ioctl.h
configure:3028: result: yes
configure:2906: checking sys/time.h usability
configure:2918: gcc -c -g -O2  conftest.c >&5
configure:2924: $? = 0
configure:2927: test -z 			 || test ! -s conftest.err
configure:2930: $? = 0
configure:2933: test -s conftest.o
configure:2936: $? = 0
configure:2946: result: yes
configure:2950: checking sys/time.h presence
configure:2960: gcc -E  conftest.c
configure:2966: $? = 0
configure:2986: result: yes
configure:3021: checking for sys/time.h
configure:3028: result: yes
configure:2906: checking syslog.h usability
configure:2918: gcc -c -g -O2  conftest.c >&5
configure:2924: $? = 0
configure:2927: test -z 			 || test ! -s conftest.err
configure:2930: $? = 0
configure:2933: test -s conftest.o
configure:2936: $? = 0
configure:2946: result: yes
configure:2950: checking syslog.h presence
configure:2960: gcc -E  conftest.c
configure:2966: $? = 0
configure:2986: result: yes
configure:3021: checking for syslog.h
configure:3028: result: yes
configure:2897: checking for unistd.h
configure:2902: result: yes
configure:2906: checking net/if_arp.h usability
configure:2918: gcc -c -g -O2  conftest.c >&5
configure:2924: $? = 0
configure:2927: test -z 			 || test ! -s conftest.err
configure:2930: $? = 0
configure:2933: test -s conftest.o
configure:2936: $? = 0
configure:2946: result: yes
configure:2950: checking net/if_arp.h presence
configure:2960: gcc -E  conftest.c
configure:2966: $? = 0
configure:2986: result: yes
configure:3021: checking for net/if_arp.h
configure:3028: result: yes
configure:2906: checking netinet/if_ether.h usability
configure:2918: gcc -c -g -O2  conftest.c >&5
configure:2924: $? = 0
configure:2927: test -z 			 || test ! -s conftest.err
configure:2930: $? = 0
configure:2933: test -s conftest.o
configure:2936: $? = 0
configure:2946: result: yes
configure:2950: checking netinet/if_ether.h presence
configure:2960: gcc -E  conftest.c
configure:2966: $? = 0
configure:2986: result: yes
configure:3021: checking for netinet/if_ether.h
configure:3028: result: yes
configure:2906: checking getopt.h usability
configure:2918: gcc -c -g -O2  conftest.c >&5
configure:2924: $? = 0
configure:2927: test -z 			 || test ! -s conftest.err
configure:2930: $? = 0
configure:2933: test -s conftest.o
configure:2936: $? = 0
configure:2946: result: yes
configure:2950: checking getopt.h presence
configure:2960: gcc -E  conftest.c
configure:2966: $? = 0
configure:2986: result: yes
configure:3021: checking for getopt.h
configure:3028: result: yes
configure:2906: checking sys/uio.h usability
configure:2918: gcc -c -g -O2  conftest.c >&5
configure:2924: $? = 0
configure:2927: test -z 			 || test ! -s conftest.err
configure:2930: $? = 0
configure:2933: test -s conftest.o
configure:2936: $? = 0
configure:2946: result: yes
configure:2950: checking sys/uio.h presence
configure:2960: gcc -E  conftest.c
configure:2966: $? = 0
configure:2986: result: yes
configure:3021: checking for sys/uio.h
configure:3028: result: yes
configure:2906: checking sys/param.h usability
configure:2918: gcc -c -g -O2  conftest.c >&5
configure:2924: $? = 0
configure:2927: test -z 			 || test ! -s conftest.err
configure:2930: $? = 0
configure:2933: test -s conftest.o
configure:2936: $? = 0
configure:2946: result: yes
configure:2950: checking sys/param.h presence
configure:2960: gcc -E  conftest.c
configure:2966: $? = 0
configure:2986: result: yes
configure:3021: checking for sys/param.h
configure:3028: result: yes
configure:2897: checking for fcntl.h
configure:2902: result: yes
configure:2906: checking net/bpf.h usability
configure:2918: gcc -c -g -O2  conftest.c >&5
conftest.c:65:21: net/bpf.h: No such file or directory
configure:2924: $? = 1
configure: failed program was:
| /* confdefs.h.  */
| 
| #define PACKAGE_NAME ""
| #define PACKAGE_TARNAME ""
| #define PACKAGE_VERSION ""
| #define PACKAGE_STRING ""
| #define PACKAGE_BUGREPORT ""
| #define STDC_HEADERS 1
| #define HAVE_SYS_WAIT_H 1
| #define HAVE_SYS_TYPES_H 1
| #define HAVE_SYS_STAT_H 1
| #define HAVE_STDLIB_H 1
| #define HAVE_STRING_H 1
| #define HAVE_MEMORY_H 1
| #define HAVE_STRINGS_H 1
| #define HAVE_INTTYPES_H 1
| #define HAVE_STDINT_H 1
| #define HAVE_UNISTD_H 1
| #define HAVE_FCNTL_H 1
| #define HAVE_SYS_IOCTL_H 1
| #define HAVE_SYS_TIME_H 1
| #define HAVE_SYSLOG_H 1
| #define HAVE_UNISTD_H 1
| #define HAVE_NET_IF_ARP_H 1
| #define HAVE_NETINET_IF_ETHER_H 1
| #define HAVE_GETOPT_H 1
| #define HAVE_SYS_UIO_H 1
| #define HAVE_SYS_PARAM_H 1
| #define HAVE_FCNTL_H 1
| /* end confdefs.h.  */
| #include <stdio.h>
| #if HAVE_SYS_TYPES_H
| # include <sys/types.h>
| #endif
| #if HAVE_SYS_STAT_H
| # include <sys/stat.h>
| #endif
| #if STDC_HEADERS
| # include <stdlib.h>
| # include <stddef.h>
| #else
| # if HAVE_STDLIB_H
| #  include <stdlib.h>
| # endif
| #endif
| #if HAVE_STRING_H
| # if !STDC_HEADERS && HAVE_MEMORY_H
| #  include <memory.h>
| # endif
| # include <string.h>
| #endif
| #if HAVE_STRINGS_H
| # include <strings.h>
| #endif
| #if HAVE_INTTYPES_H
| # include <inttypes.h>
| #else
| # if HAVE_STDINT_H
| #  include <stdint.h>
| # endif
| #endif
| #if HAVE_UNISTD_H
| # include <unistd.h>
| #endif
| #include <net/bpf.h>
configure:2946: result: no
configure:2950: checking net/bpf.h presence
configure:2960: gcc -E  conftest.c
conftest.c:31:21: net/bpf.h: No such file or directory
configure:2966: $? = 1
configure: failed program was:
| /* confdefs.h.  */
| 
| #define PACKAGE_NAME ""
| #define PACKAGE_TARNAME ""
| #define PACKAGE_VERSION ""
| #define PACKAGE_STRING ""
| #define PACKAGE_BUGREPORT ""
| #define STDC_HEADERS 1
| #define HAVE_SYS_WAIT_H 1
| #define HAVE_SYS_TYPES_H 1
| #define HAVE_SYS_STAT_H 1
| #define HAVE_STDLIB_H 1
| #define HAVE_STRING_H 1
| #define HAVE_MEMORY_H 1
| #define HAVE_STRINGS_H 1
| #define HAVE_INTTYPES_H 1
| #define HAVE_STDINT_H 1
| #define HAVE_UNISTD_H 1
| #define HAVE_FCNTL_H 1
| #define HAVE_SYS_IOCTL_H 1
| #define HAVE_SYS_TIME_H 1
| #define HAVE_SYSLOG_H 1
| #define HAVE_UNISTD_H 1
| #define HAVE_NET_IF_ARP_H 1
| #define HAVE_NETINET_IF_ETHER_H 1
| #define HAVE_GETOPT_H 1
| #define HAVE_SYS_UIO_H 1
| #define HAVE_SYS_PARAM_H 1
| #define HAVE_FCNTL_H 1
| /* end confdefs.h.  */
| #include <net/bpf.h>
configure:2986: result: no
configure:3021: checking for net/bpf.h
configure:3028: result: no
configure:2906: checking netpacket/packet.h usability
configure:2918: gcc -c -g -O2  conftest.c >&5
configure:2924: $? = 0
configure:2927: test -z 			 || test ! -s conftest.err
configure:2930: $? = 0
configure:2933: test -s conftest.o
configure:2936: $? = 0
configure:2946: result: yes
configure:2950: checking netpacket/packet.h presence
configure:2960: gcc -E  conftest.c
configure:2966: $? = 0
configure:2986: result: yes
configure:3021: checking for netpacket/packet.h
configure:3028: result: yes
configure:2906: checking net/ethernet.h usability
configure:2918: gcc -c -g -O2  conftest.c >&5
configure:2924: $? = 0
configure:2927: test -z 			 || test ! -s conftest.err
configure:2930: $? = 0
configure:2933: test -s conftest.o
configure:2936: $? = 0
configure:2946: result: yes
configure:2950: checking net/ethernet.h presence
configure:2960: gcc -E  conftest.c
configure:2966: $? = 0
configure:2986: result: yes
configure:3021: checking for net/ethernet.h
configure:3028: result: yes
configure:2906: checking asm/types.h usability
configure:2918: gcc -c -g -O2  conftest.c >&5
configure:2924: $? = 0
configure:2927: test -z 			 || test ! -s conftest.err
configure:2930: $? = 0
configure:2933: test -s conftest.o
configure:2936: $? = 0
configure:2946: result: yes
configure:2950: checking asm/types.h presence
configure:2960: gcc -E  conftest.c
configure:2966: $? = 0
configure:2986: result: yes
configure:3021: checking for asm/types.h
configure:3028: result: yes
configure:2906: checking linux/if_packet.h usability
configure:2918: gcc -c -g -O2  conftest.c >&5
configure:2924: $? = 0
configure:2927: test -z 			 || test ! -s conftest.err
configure:2930: $? = 0
configure:2933: test -s conftest.o
configure:2936: $? = 0
configure:2946: result: yes
configure:2950: checking linux/if_packet.h presence
configure:2960: gcc -E  conftest.c
configure:2966: $? = 0
configure:2986: result: yes
configure:3021: checking for linux/if_packet.h
configure:3028: result: yes
configure:2906: checking linux/if_ether.h usability
configure:2918: gcc -c -g -O2  conftest.c >&5
configure:2924: $? = 0
configure:2927: test -z 			 || test ! -s conftest.err
configure:2930: $? = 0
configure:2933: test -s conftest.o
configure:2936: $? = 0
configure:2946: result: yes
configure:2950: checking linux/if_ether.h presence
configure:2960: gcc -E  conftest.c
configure:2966: $? = 0
configure:2986: result: yes
configure:3021: checking for linux/if_ether.h
configure:3028: result: yes
configure:2906: checking sys/socket.h usability
configure:2918: gcc -c -g -O2  conftest.c >&5
configure:2924: $? = 0
configure:2927: test -z 			 || test ! -s conftest.err
configure:2930: $? = 0
configure:2933: test -s conftest.o
configure:2936: $? = 0
configure:2946: result: yes
configure:2950: checking sys/socket.h presence
configure:2960: gcc -E  conftest.c
configure:2966: $? = 0
configure:2986: result: yes
configure:3021: checking for sys/socket.h
configure:3028: result: yes
configure:2906: checking sys/cdefs.h usability
configure:2918: gcc -c -g -O2  conftest.c >&5
configure:2924: $? = 0
configure:2927: test -z 			 || test ! -s conftest.err
configure:2930: $? = 0
configure:2933: test -s conftest.o
configure:2936: $? = 0
configure:2946: result: yes
configure:2950: checking sys/cdefs.h presence
configure:2960: gcc -E  conftest.c
configure:2966: $? = 0
configure:2986: result: yes
configure:3021: checking for sys/cdefs.h
configure:3028: result: yes
configure:2906: checking net/if.h usability
configure:2918: gcc -c -g -O2  conftest.c >&5
configure:2924: $? = 0
configure:2927: test -z 			 || test ! -s conftest.err
configure:2930: $? = 0
configure:2933: test -s conftest.o
configure:2936: $? = 0
configure:2946: result: yes
configure:2950: checking net/if.h presence
configure:2960: gcc -E  conftest.c
configure:2966: $? = 0
configure:2986: result: yes
configure:3021: checking for net/if.h
configure:3028: result: yes
configure:2906: checking net/if_dl.h usability
configure:2918: gcc -c -g -O2  conftest.c >&5
conftest.c:73:23: net/if_dl.h: No such file or directory
configure:2924: $? = 1
configure: failed program was:
| /* confdefs.h.  */
| 
| #define PACKAGE_NAME ""
| #define PACKAGE_TARNAME ""
| #define PACKAGE_VERSION ""
| #define PACKAGE_STRING ""
| #define PACKAGE_BUGREPORT ""
| #define STDC_HEADERS 1
| #define HAVE_SYS_WAIT_H 1
| #define HAVE_SYS_TYPES_H 1
| #define HAVE_SYS_STAT_H 1
| #define HAVE_STDLIB_H 1
| #define HAVE_STRING_H 1
| #define HAVE_MEMORY_H 1
| #define HAVE_STRINGS_H 1
| #define HAVE_INTTYPES_H 1
| #define HAVE_STDINT_H 1
| #define HAVE_UNISTD_H 1
| #define HAVE_FCNTL_H 1
| #define HAVE_SYS_IOCTL_H 1
| #define HAVE_SYS_TIME_H 1
| #define HAVE_SYSLOG_H 1
| #define HAVE_UNISTD_H 1
| #define HAVE_NET_IF_ARP_H 1
| #define HAVE_NETINET_IF_ETHER_H 1
| #define HAVE_GETOPT_H 1
| #define HAVE_SYS_UIO_H 1
| #define HAVE_SYS_PARAM_H 1
| #define HAVE_FCNTL_H 1
| #define HAVE_NETPACKET_PACKET_H 1
| #define HAVE_NET_ETHERNET_H 1
| #define HAVE_ASM_TYPES_H 1
| #define HAVE_LINUX_IF_PACKET_H 1
| #define HAVE_LINUX_IF_ETHER_H 1
| #define HAVE_SYS_SOCKET_H 1
| #define HAVE_SYS_CDEFS_H 1
| #define HAVE_NET_IF_H 1
| /* end confdefs.h.  */
| #include <stdio.h>
| #if HAVE_SYS_TYPES_H
| # include <sys/types.h>
| #endif
| #if HAVE_SYS_STAT_H
| # include <sys/stat.h>
| #endif
| #if STDC_HEADERS
| # include <stdlib.h>
| # include <stddef.h>
| #else
| # if HAVE_STDLIB_H
| #  include <stdlib.h>
| # endif
| #endif
| #if HAVE_STRING_H
| # if !STDC_HEADERS && HAVE_MEMORY_H
| #  include <memory.h>
| # endif
| # include <string.h>
| #endif
| #if HAVE_STRINGS_H
| # include <strings.h>
| #endif
| #if HAVE_INTTYPES_H
| # include <inttypes.h>
| #else
| # if HAVE_STDINT_H
| #  include <stdint.h>
| # endif
| #endif
| #if HAVE_UNISTD_H
| # include <unistd.h>
| #endif
| #include <net/if_dl.h>
configure:2946: result: no
configure:2950: checking net/if_dl.h presence
configure:2960: gcc -E  conftest.c
conftest.c:39:23: net/if_dl.h: No such file or directory
configure:2966: $? = 1
configure: failed program was:
| /* confdefs.h.  */
| 
| #define PACKAGE_NAME ""
| #define PACKAGE_TARNAME ""
| #define PACKAGE_VERSION ""
| #define PACKAGE_STRING ""
| #define PACKAGE_BUGREPORT ""
| #define STDC_HEADERS 1
| #define HAVE_SYS_WAIT_H 1
| #define HAVE_SYS_TYPES_H 1
| #define HAVE_SYS_STAT_H 1
| #define HAVE_STDLIB_H 1
| #define HAVE_STRING_H 1
| #define HAVE_MEMORY_H 1
| #define HAVE_STRINGS_H 1
| #define HAVE_INTTYPES_H 1
| #define HAVE_STDINT_H 1
| #define HAVE_UNISTD_H 1
| #define HAVE_FCNTL_H 1
| #define HAVE_SYS_IOCTL_H 1
| #define HAVE_SYS_TIME_H 1
| #define HAVE_SYSLOG_H 1
| #define HAVE_UNISTD_H 1
| #define HAVE_NET_IF_ARP_H 1
| #define HAVE_NETINET_IF_ETHER_H 1
| #define HAVE_GETOPT_H 1
| #define HAVE_SYS_UIO_H 1
| #define HAVE_SYS_PARAM_H 1
| #define HAVE_FCNTL_H 1
| #define HAVE_NETPACKET_PACKET_H 1
| #define HAVE_NET_ETHERNET_H 1
| #define HAVE_ASM_TYPES_H 1
| #define HAVE_LINUX_IF_PACKET_H 1
| #define HAVE_LINUX_IF_ETHER_H 1
| #define HAVE_SYS_SOCKET_H 1
| #define HAVE_SYS_CDEFS_H 1
| #define HAVE_NET_IF_H 1
| /* end confdefs.h.  */
| #include <net/if_dl.h>
configure:2986: result: no
configure:3021: checking for net/if_dl.h
configure:3028: result: no
configure:2906: checking net/if_ether.h usability
configure:2918: gcc -c -g -O2  conftest.c >&5
conftest.c:73:26: net/if_ether.h: No such file or directory
configure:2924: $? = 1
configure: failed program was:
| /* confdefs.h.  */
| 
| #define PACKAGE_NAME ""
| #define PACKAGE_TARNAME ""
| #define PACKAGE_VERSION ""
| #define PACKAGE_STRING ""
| #define PACKAGE_BUGREPORT ""
| #define STDC_HEADERS 1
| #define HAVE_SYS_WAIT_H 1
| #define HAVE_SYS_TYPES_H 1
| #define HAVE_SYS_STAT_H 1
| #define HAVE_STDLIB_H 1
| #define HAVE_STRING_H 1
| #define HAVE_MEMORY_H 1
| #define HAVE_STRINGS_H 1
| #define HAVE_INTTYPES_H 1
| #define HAVE_STDINT_H 1
| #define HAVE_UNISTD_H 1
| #define HAVE_FCNTL_H 1
| #define HAVE_SYS_IOCTL_H 1
| #define HAVE_SYS_TIME_H 1
| #define HAVE_SYSLOG_H 1
| #define HAVE_UNISTD_H 1
| #define HAVE_NET_IF_ARP_H 1
| #define HAVE_NETINET_IF_ETHER_H 1
| #define HAVE_GETOPT_H 1
| #define HAVE_SYS_UIO_H 1
| #define HAVE_SYS_PARAM_H 1
| #define HAVE_FCNTL_H 1
| #define HAVE_NETPACKET_PACKET_H 1
| #define HAVE_NET_ETHERNET_H 1
| #define HAVE_ASM_TYPES_H 1
| #define HAVE_LINUX_IF_PACKET_H 1
| #define HAVE_LINUX_IF_ETHER_H 1
| #define HAVE_SYS_SOCKET_H 1
| #define HAVE_SYS_CDEFS_H 1
| #define HAVE_NET_IF_H 1
| /* end confdefs.h.  */
| #include <stdio.h>
| #if HAVE_SYS_TYPES_H
| # include <sys/types.h>
| #endif
| #if HAVE_SYS_STAT_H
| # include <sys/stat.h>
| #endif
| #if STDC_HEADERS
| # include <stdlib.h>
| # include <stddef.h>
| #else
| # if HAVE_STDLIB_H
| #  include <stdlib.h>
| # endif
| #endif
| #if HAVE_STRING_H
| # if !STDC_HEADERS && HAVE_MEMORY_H
| #  include <memory.h>
| # endif
| # include <string.h>
| #endif
| #if HAVE_STRINGS_H
| # include <strings.h>
| #endif
| #if HAVE_INTTYPES_H
| # include <inttypes.h>
| #else
| # if HAVE_STDINT_H
| #  include <stdint.h>
| # endif
| #endif
| #if HAVE_UNISTD_H
| # include <unistd.h>
| #endif
| #include <net/if_ether.h>
configure:2946: result: no
configure:2950: checking net/if_ether.h presence
configure:2960: gcc -E  conftest.c
conftest.c:39:26: net/if_ether.h: No such file or directory
configure:2966: $? = 1
configure: failed program was:
| /* confdefs.h.  */
| 
| #define PACKAGE_NAME ""
| #define PACKAGE_TARNAME ""
| #define PACKAGE_VERSION ""
| #define PACKAGE_STRING ""
| #define PACKAGE_BUGREPORT ""
| #define STDC_HEADERS 1
| #define HAVE_SYS_WAIT_H 1
| #define HAVE_SYS_TYPES_H 1
| #define HAVE_SYS_STAT_H 1
| #define HAVE_STDLIB_H 1
| #define HAVE_STRING_H 1
| #define HAVE_MEMORY_H 1
| #define HAVE_STRINGS_H 1
| #define HAVE_INTTYPES_H 1
| #define HAVE_STDINT_H 1
| #define HAVE_UNISTD_H 1
| #define HAVE_FCNTL_H 1
| #define HAVE_SYS_IOCTL_H 1
| #define HAVE_SYS_TIME_H 1
| #define HAVE_SYSLOG_H 1
| #define HAVE_UNISTD_H 1
| #define HAVE_NET_IF_ARP_H 1
| #define HAVE_NETINET_IF_ETHER_H 1
| #define HAVE_GETOPT_H 1
| #define HAVE_SYS_UIO_H 1
| #define HAVE_SYS_PARAM_H 1
| #define HAVE_FCNTL_H 1
| #define HAVE_NETPACKET_PACKET_H 1
| #define HAVE_NET_ETHERNET_H 1
| #define HAVE_ASM_TYPES_H 1
| #define HAVE_LINUX_IF_PACKET_H 1
| #define HAVE_LINUX_IF_ETHER_H 1
| #define HAVE_SYS_SOCKET_H 1
| #define HAVE_SYS_CDEFS_H 1
| #define HAVE_NET_IF_H 1
| /* end confdefs.h.  */
| #include <net/if_ether.h>
configure:2986: result: no
configure:3021: checking for net/if_ether.h
configure:3028: result: no
configure:2906: checking net/if_types.h usability
configure:2918: gcc -c -g -O2  conftest.c >&5
conftest.c:73:26: net/if_types.h: No such file or directory
configure:2924: $? = 1
configure: failed program was:
| /* confdefs.h.  */
| 
| #define PACKAGE_NAME ""
| #define PACKAGE_TARNAME ""
| #define PACKAGE_VERSION ""
| #define PACKAGE_STRING ""
| #define PACKAGE_BUGREPORT ""
| #define STDC_HEADERS 1
| #define HAVE_SYS_WAIT_H 1
| #define HAVE_SYS_TYPES_H 1
| #define HAVE_SYS_STAT_H 1
| #define HAVE_STDLIB_H 1
| #define HAVE_STRING_H 1
| #define HAVE_MEMORY_H 1
| #define HAVE_STRINGS_H 1
| #define HAVE_INTTYPES_H 1
| #define HAVE_STDINT_H 1
| #define HAVE_UNISTD_H 1
| #define HAVE_FCNTL_H 1
| #define HAVE_SYS_IOCTL_H 1
| #define HAVE_SYS_TIME_H 1
| #define HAVE_SYSLOG_H 1
| #define HAVE_UNISTD_H 1
| #define HAVE_NET_IF_ARP_H 1
| #define HAVE_NETINET_IF_ETHER_H 1
| #define HAVE_GETOPT_H 1
| #define HAVE_SYS_UIO_H 1
| #define HAVE_SYS_PARAM_H 1
| #define HAVE_FCNTL_H 1
| #define HAVE_NETPACKET_PACKET_H 1
| #define HAVE_NET_ETHERNET_H 1
| #define HAVE_ASM_TYPES_H 1
| #define HAVE_LINUX_IF_PACKET_H 1
| #define HAVE_LINUX_IF_ETHER_H 1
| #define HAVE_SYS_SOCKET_H 1
| #define HAVE_SYS_CDEFS_H 1
| #define HAVE_NET_IF_H 1
| /* end confdefs.h.  */
| #include <stdio.h>
| #if HAVE_SYS_TYPES_H
| # include <sys/types.h>
| #endif
| #if HAVE_SYS_STAT_H
| # include <sys/stat.h>
| #endif
| #if STDC_HEADERS
| # include <stdlib.h>
| # include <stddef.h>
| #else
| # if HAVE_STDLIB_H
| #  include <stdlib.h>
| # endif
| #endif
| #if HAVE_STRING_H
| # if !STDC_HEADERS && HAVE_MEMORY_H
| #  include <memory.h>
| # endif
| # include <string.h>
| #endif
| #if HAVE_STRINGS_H
| # include <strings.h>
| #endif
| #if HAVE_INTTYPES_H
| # include <inttypes.h>
| #else
| # if HAVE_STDINT_H
| #  include <stdint.h>
| # endif
| #endif
| #if HAVE_UNISTD_H
| # include <unistd.h>
| #endif
| #include <net/if_types.h>
configure:2946: result: no
configure:2950: checking net/if_types.h presence
configure:2960: gcc -E  conftest.c
conftest.c:39:26: net/if_types.h: No such file or directory
configure:2966: $? = 1
configure: failed program was:
| /* confdefs.h.  */
| 
| #define PACKAGE_NAME ""
| #define PACKAGE_TARNAME ""
| #define PACKAGE_VERSION ""
| #define PACKAGE_STRING ""
| #define PACKAGE_BUGREPORT ""
| #define STDC_HEADERS 1
| #define HAVE_SYS_WAIT_H 1
| #define HAVE_SYS_TYPES_H 1
| #define HAVE_SYS_STAT_H 1
| #define HAVE_STDLIB_H 1
| #define HAVE_STRING_H 1
| #define HAVE_MEMORY_H 1
| #define HAVE_STRINGS_H 1
| #define HAVE_INTTYPES_H 1
| #define HAVE_STDINT_H 1
| #define HAVE_UNISTD_H 1
| #define HAVE_FCNTL_H 1
| #define HAVE_SYS_IOCTL_H 1
| #define HAVE_SYS_TIME_H 1
| #define HAVE_SYSLOG_H 1
| #define HAVE_UNISTD_H 1
| #define HAVE_NET_IF_ARP_H 1
| #define HAVE_NETINET_IF_ETHER_H 1
| #define HAVE_GETOPT_H 1
| #define HAVE_SYS_UIO_H 1
| #define HAVE_SYS_PARAM_H 1
| #define HAVE_FCNTL_H 1
| #define HAVE_NETPACKET_PACKET_H 1
| #define HAVE_NET_ETHERNET_H 1
| #define HAVE_ASM_TYPES_H 1
| #define HAVE_LINUX_IF_PACKET_H 1
| #define HAVE_LINUX_IF_ETHER_H 1
| #define HAVE_SYS_SOCKET_H 1
| #define HAVE_SYS_CDEFS_H 1
| #define HAVE_NET_IF_H 1
| /* end confdefs.h.  */
| #include <net/if_types.h>
configure:2986: result: no
configure:3021: checking for net/if_types.h
configure:3028: result: no
configure:2897: checking for netinet/if_ether.h
configure:2902: result: yes
configure:2897: checking for net/if_types.h
configure:2902: result: no
configure:2897: checking for net/if_dl.h
configure:2902: result: no
configure:3045: checking for linux/if.h
configure:3061: gcc -c -g -O2  conftest.c >&5
configure:3067: $? = 0
configure:3070: test -z 			 || test ! -s conftest.err
configure:3073: $? = 0
configure:3076: test -s conftest.o
configure:3079: $? = 0
configure:3090: result: yes
configure:3105: checking for linux/if_pppox.h
configure:3125: gcc -c -g -O2  conftest.c >&5
configure:3131: $? = 0
configure:3134: test -z 			 || test ! -s conftest.err
configure:3137: $? = 0
configure:3140: test -s conftest.o
configure:3143: $? = 0
configure:3154: result: yes
configure:3166: checking for an ANSI C-conforming const
configure:3233: gcc -c -g -O2  conftest.c >&5
configure:3239: $? = 0
configure:3242: test -z 			 || test ! -s conftest.err
configure:3245: $? = 0
configure:3248: test -s conftest.o
configure:3251: $? = 0
configure:3262: result: yes
configure:3272: checking for pid_t
configure:3296: gcc -c -g -O2  conftest.c >&5
configure:3302: $? = 0
configure:3305: test -z 			 || test ! -s conftest.err
configure:3308: $? = 0
configure:3311: test -s conftest.o
configure:3314: $? = 0
configure:3325: result: yes
configure:3337: checking whether time.h and sys/time.h may both be included
configure:3362: gcc -c -g -O2  conftest.c >&5
configure:3368: $? = 0
configure:3371: test -z 			 || test ! -s conftest.err
configure:3374: $? = 0
configure:3377: test -s conftest.o
configure:3380: $? = 0
configure:3391: result: yes
configure:3401: checking whether struct tm is in sys/time.h or time.h
configure:3424: gcc -c -g -O2  conftest.c >&5
configure:3430: $? = 0
configure:3433: test -z 			 || test ! -s conftest.err
configure:3436: $? = 0
configure:3439: test -s conftest.o
configure:3442: $? = 0
configure:3453: result: time.h
configure:3464: checking for struct sockaddr_ll
configure:3485: gcc -c -g -O2  conftest.c >&5
configure:3491: $? = 0
configure:3494: test -z 			 || test ! -s conftest.err
configure:3497: $? = 0
configure:3500: test -s conftest.o
configure:3503: $? = 0
configure:3513: result: yes
configure:3523: checking for N_HDLC line discipline
configure:3541: gcc -c -g -O2  conftest.c >&5
configure:3547: $? = 0
configure:3550: test -z 			 || test ! -s conftest.err
configure:3553: $? = 0
configure:3556: test -s conftest.o
configure:3559: $? = 0
configure:3569: result: yes
configure:3699: checking for working memcmp
configure:3747: gcc -o conftest -g -O2   conftest.c  >&5
configure:3750: $? = 0
configure:3752: ./conftest
configure:3755: $? = 0
configure:3769: result: yes
configure:3780: checking for function prototypes
configure:3783: result: yes
configure:3800: checking whether setvbuf arguments are reversed
configure:3825: gcc -o conftest -g -O2   conftest.c  >&5
conftest.c:50: error: conflicting types for 'setvbuf'
/usr/include/stdio.h:304: error: previous declaration of 'setvbuf' was here
conftest.c:50: error: conflicting types for 'setvbuf'
/usr/include/stdio.h:304: error: previous declaration of 'setvbuf' was here
configure:3831: $? = 1
configure: failed program was:
| /* confdefs.h.  */
| 
| #define PACKAGE_NAME ""
| #define PACKAGE_TARNAME ""
| #define PACKAGE_VERSION ""
| #define PACKAGE_STRING ""
| #define PACKAGE_BUGREPORT ""
| #define STDC_HEADERS 1
| #define HAVE_SYS_WAIT_H 1
| #define HAVE_SYS_TYPES_H 1
| #define HAVE_SYS_STAT_H 1
| #define HAVE_STDLIB_H 1
| #define HAVE_STRING_H 1
| #define HAVE_MEMORY_H 1
| #define HAVE_STRINGS_H 1
| #define HAVE_INTTYPES_H 1
| #define HAVE_STDINT_H 1
| #define HAVE_UNISTD_H 1
| #define HAVE_FCNTL_H 1
| #define HAVE_SYS_IOCTL_H 1
| #define HAVE_SYS_TIME_H 1
| #define HAVE_SYSLOG_H 1
| #define HAVE_UNISTD_H 1
| #define HAVE_NET_IF_ARP_H 1
| #define HAVE_NETINET_IF_ETHER_H 1
| #define HAVE_GETOPT_H 1
| #define HAVE_SYS_UIO_H 1
| #define HAVE_SYS_PARAM_H 1
| #define HAVE_FCNTL_H 1
| #define HAVE_NETPACKET_PACKET_H 1
| #define HAVE_NET_ETHERNET_H 1
| #define HAVE_ASM_TYPES_H 1
| #define HAVE_LINUX_IF_PACKET_H 1
| #define HAVE_LINUX_IF_ETHER_H 1
| #define HAVE_SYS_SOCKET_H 1
| #define HAVE_SYS_CDEFS_H 1
| #define HAVE_NET_IF_H 1
| #define HAVE_NETINET_IF_ETHER_H 1
| #define HAVE_LINUX_IF_H 1
| #define HAVE_LINUX_IF_PPPOX_H 1
| #define TIME_WITH_SYS_TIME 1
| #define HAVE_STRUCT_SOCKADDR_LL 1
| #define HAVE_N_HDLC 1
| #define DEBUGGING_ENABLED 1
| #define PROTOTYPES 1
| #define __PROTOTYPES 1
| /* end confdefs.h.  */
| #include <stdio.h>
| #	  if PROTOTYPES
| 	   int (setvbuf) (FILE *, int, char *, size_t);
| #	  endif
| int
| main ()
| {
| char buf; return setvbuf (stdout, _IOLBF, &buf, 1);
|   ;
|   return 0;
| }
configure:3950: result: no
configure:3960: checking return type of signal handlers
configure:3991: gcc -c -g -O2  conftest.c >&5
configure:3997: $? = 0
configure:4000: test -z 			 || test ! -s conftest.err
configure:4003: $? = 0
configure:4006: test -s conftest.o
configure:4009: $? = 0
configure:4020: result: void
configure:4035: checking for select
configure:4092: gcc -o conftest -g -O2   conftest.c  >&5
configure:4098: $? = 0
configure:4101: test -z 			 || test ! -s conftest.err
configure:4104: $? = 0
configure:4107: test -s conftest
configure:4110: $? = 0
configure:4122: result: yes
configure:4035: checking for socket
configure:4092: gcc -o conftest -g -O2   conftest.c  >&5
configure:4098: $? = 0
configure:4101: test -z 			 || test ! -s conftest.err
configure:4104: $? = 0
configure:4107: test -s conftest
configure:4110: $? = 0
configure:4122: result: yes
configure:4035: checking for strerror
configure:4092: gcc -o conftest -g -O2   conftest.c  >&5
configure:4098: $? = 0
configure:4101: test -z 			 || test ! -s conftest.err
configure:4104: $? = 0
configure:4107: test -s conftest
configure:4110: $? = 0
configure:4122: result: yes
configure:4035: checking for strtol
configure:4092: gcc -o conftest -g -O2   conftest.c  >&5
configure:4098: $? = 0
configure:4101: test -z 			 || test ! -s conftest.err
configure:4104: $? = 0
configure:4107: test -s conftest
configure:4110: $? = 0
configure:4122: result: yes
configure:4170: checking for a BSD-compatible install
configure:4225: result: /usr/bin/install -c
configure:4237: checking for unsigned short
configure:4261: gcc -c -g -O2  conftest.c >&5
configure:4267: $? = 0
configure:4270: test -z 			 || test ! -s conftest.err
configure:4273: $? = 0
configure:4276: test -s conftest.o
configure:4279: $? = 0
configure:4290: result: yes
configure:4293: checking size of unsigned short
configure:4605: gcc -o conftest -g -O2   conftest.c  >&5
configure:4608: $? = 0
configure:4610: ./conftest
configure:4613: $? = 0
configure:4636: result: 2
configure:4643: checking for unsigned int
configure:4667: gcc -c -g -O2  conftest.c >&5
configure:4673: $? = 0
configure:4676: test -z 			 || test ! -s conftest.err
configure:4679: $? = 0
configure:4682: test -s conftest.o
configure:4685: $? = 0
configure:4696: result: yes
configure:4699: checking size of unsigned int
configure:5011: gcc -o conftest -g -O2   conftest.c  >&5
configure:5014: $? = 0
configure:5016: ./conftest
configure:5019: $? = 0
configure:5042: result: 4
configure:5049: checking for unsigned long
configure:5073: gcc -c -g -O2  conftest.c >&5
configure:5079: $? = 0
configure:5082: test -z 			 || test ! -s conftest.err
configure:5085: $? = 0
configure:5088: test -s conftest.o
configure:5091: $? = 0
configure:5102: result: yes
configure:5105: checking size of unsigned long
configure:5417: gcc -o conftest -g -O2   conftest.c  >&5
configure:5420: $? = 0
configure:5422: ./conftest
configure:5425: $? = 0
configure:5448: result: 8
configure:5458: checking for pppd
configure:5477: found /usr/sbin/pppd
configure:5490: result: /usr/sbin/pppd
configure:5499: checking for echo
configure:5517: found /bin/echo
configure:5530: result: /bin/echo
configure:5540: checking for setsid
configure:5559: found /usr/bin/setsid
configure:5572: result: /usr/bin/setsid
configure:5582: checking for id
configure:5601: found /usr/bin/id
configure:5614: result: /usr/bin/id
configure:5622: checking for Linux 2.4.X kernel-mode PPPoE support
configure:5657: gcc -o conftest -g -O2   conftest.c  >&5
configure:5660: $? = 0
configure:5662: ./conftest
configure:5665: $? = 0
configure:5685: result: yes
configure:5744: checking packing order of bit fields
configure:5780: gcc -o conftest -g -O2 -Wall -Wstrict-prototypes -ansi   conftest.c  >&5
configure:5783: $? = 0
configure:5785: ./conftest
configure:5788: $? = 1
configure: program exited with status 1
configure: failed program was:
| /* confdefs.h.  */
| 
| #define PACKAGE_NAME ""
| #define PACKAGE_TARNAME ""
| #define PACKAGE_VERSION ""
| #define PACKAGE_STRING ""
| #define PACKAGE_BUGREPORT ""
| #define STDC_HEADERS 1
| #define HAVE_SYS_WAIT_H 1
| #define HAVE_SYS_TYPES_H 1
| #define HAVE_SYS_STAT_H 1
| #define HAVE_STDLIB_H 1
| #define HAVE_STRING_H 1
| #define HAVE_MEMORY_H 1
| #define HAVE_STRINGS_H 1
| #define HAVE_INTTYPES_H 1
| #define HAVE_STDINT_H 1
| #define HAVE_UNISTD_H 1
| #define HAVE_FCNTL_H 1
| #define HAVE_SYS_IOCTL_H 1
| #define HAVE_SYS_TIME_H 1
| #define HAVE_SYSLOG_H 1
| #define HAVE_UNISTD_H 1
| #define HAVE_NET_IF_ARP_H 1
| #define HAVE_NETINET_IF_ETHER_H 1
| #define HAVE_GETOPT_H 1
| #define HAVE_SYS_UIO_H 1
| #define HAVE_SYS_PARAM_H 1
| #define HAVE_FCNTL_H 1
| #define HAVE_NETPACKET_PACKET_H 1
| #define HAVE_NET_ETHERNET_H 1
| #define HAVE_ASM_TYPES_H 1
| #define HAVE_LINUX_IF_PACKET_H 1
| #define HAVE_LINUX_IF_ETHER_H 1
| #define HAVE_SYS_SOCKET_H 1
| #define HAVE_SYS_CDEFS_H 1
| #define HAVE_NET_IF_H 1
| #define HAVE_NETINET_IF_ETHER_H 1
| #define HAVE_LINUX_IF_H 1
| #define HAVE_LINUX_IF_PPPOX_H 1
| #define TIME_WITH_SYS_TIME 1
| #define HAVE_STRUCT_SOCKADDR_LL 1
| #define HAVE_N_HDLC 1
| #define DEBUGGING_ENABLED 1
| #define PROTOTYPES 1
| #define __PROTOTYPES 1
| #define RETSIGTYPE void
| #define HAVE_SELECT 1
| #define HAVE_SOCKET 1
| #define HAVE_STRERROR 1
| #define HAVE_STRTOL 1
| #define SIZEOF_UNSIGNED_SHORT 2
| #define SIZEOF_UNSIGNED_INT 4
| #define SIZEOF_UNSIGNED_LONG 8
| /* end confdefs.h.  */
| 
| union foo {
|     struct bar {
| 	unsigned int ver:4;
| 	unsigned int type:4;
|     } bb;
|     unsigned char baz;
| };
| 
| int
| main(void)
| {
|     union foo x;
|     x.bb.ver = 1;
|     x.bb.type = 2;
|     if (x.baz == 0x21) {
| 	return 1;
|     } else if (x.baz == 0x12) {
| 	return 0;
|     } else {
| 	return 2;
|     }
| }
configure:5803: result: reversed
configure:5973: creating ./config.status

## ---------------------- ##
## Running config.status. ##
## ---------------------- ##

This file was extended by config.status, which was
generated by GNU Autoconf 2.59.  Invocation command line was

  CONFIG_FILES    = 
  CONFIG_HEADERS  = 
  CONFIG_LINKS    = 
  CONFIG_COMMANDS = 
  $ ./config.status 

on arch0

config.status:720: creating Makefile
config.status:720: creating libevent/Makefile
config.status:720: creating ../scripts/pppoe-connect
config.status:720: creating ../scripts/pppoe-start
config.status:720: creating ../scripts/pppoe-stop
config.status:720: creating ../scripts/pppoe-init
config.status:720: creating ../scripts/pppoe-init-suse
config.status:720: creating ../scripts/pppoe-init-turbolinux
config.status:720: creating ../scripts/pppoe-setup
config.status:720: creating ../gui/Makefile
config.status:720: creating ../gui/tkpppoe
config.status:786: creating config.h
config.status:982: config.h is unchanged
configure:7028: result: On this platform, the following targets will be built:
configure:7030: result: pppoe pppoe-server pppoe-sniff pppoe-relay
configure:7032: result: Type 'make' to compile the software.

## ---------------- ##
## Cache variables. ##
## ---------------- ##

ac_cv_c_compiler_gnu=yes
ac_cv_c_const=yes
ac_cv_debugging=yes
ac_cv_env_CC_set=
ac_cv_env_CC_value=
ac_cv_env_CFLAGS_set=
ac_cv_env_CFLAGS_value=
ac_cv_env_CPPFLAGS_set=
ac_cv_env_CPPFLAGS_value=
ac_cv_env_CPP_set=
ac_cv_env_CPP_value=
ac_cv_env_LDFLAGS_set=
ac_cv_env_LDFLAGS_value=
ac_cv_env_build_alias_set=
ac_cv_env_build_alias_value=
ac_cv_env_host_alias_set=
ac_cv_env_host_alias_value=
ac_cv_env_target_alias_set=
ac_cv_env_target_alias_value=
ac_cv_exeext=
ac_cv_func_memcmp_working=yes
ac_cv_func_select=yes
ac_cv_func_setvbuf_reversed=no
ac_cv_func_socket=yes
ac_cv_func_strerror=yes
ac_cv_func_strtol=yes
ac_cv_header_asm_types_h=yes
ac_cv_header_fcntl_h=yes
ac_cv_header_getopt_h=yes
ac_cv_header_inttypes_h=yes
ac_cv_header_linux_if_ether_h=yes
ac_cv_header_linux_if_h=yes
ac_cv_header_linux_if_packet_h=yes
ac_cv_header_linux_if_pppox_h=yes
ac_cv_header_memory_h=yes
ac_cv_header_net_bpf_h=no
ac_cv_header_net_ethernet_h=yes
ac_cv_header_net_if_arp_h=yes
ac_cv_header_net_if_dl_h=no
ac_cv_header_net_if_ether_h=no
ac_cv_header_net_if_h=yes
ac_cv_header_net_if_types_h=no
ac_cv_header_netinet_if_ether_h=yes
ac_cv_header_netpacket_packet_h=yes
ac_cv_header_stdc=yes
ac_cv_header_stdint_h=yes
ac_cv_header_stdlib_h=yes
ac_cv_header_string_h=yes
ac_cv_header_strings_h=yes
ac_cv_header_sys_cdefs_h=yes
ac_cv_header_sys_dlpi_h=no
ac_cv_header_sys_ioctl_h=yes
ac_cv_header_sys_param_h=yes
ac_cv_header_sys_socket_h=yes
ac_cv_header_sys_stat_h=yes
ac_cv_header_sys_time_h=yes
ac_cv_header_sys_types_h=yes
ac_cv_header_sys_uio_h=yes
ac_cv_header_sys_wait_h=yes
ac_cv_header_syslog_h=yes
ac_cv_header_time=yes
ac_cv_header_unistd_h=yes
ac_cv_licpath=no
ac_cv_linux_kernel_pppoe=yes
ac_cv_n_hdlc=yes
ac_cv_objext=o
ac_cv_path_ECHO=/bin/echo
ac_cv_path_ID=/usr/bin/id
ac_cv_path_PPPD=/usr/sbin/pppd
ac_cv_path_SETSID=/usr/bin/setsid
ac_cv_path_install='/usr/bin/install -c'
ac_cv_pluginpath=no
ac_cv_prog_CPP='gcc -E'
ac_cv_prog_ac_ct_CC=gcc
ac_cv_prog_ac_ct_RANLIB=ranlib
ac_cv_prog_cc_g=yes
ac_cv_prog_cc_stdc=
ac_cv_prog_egrep='grep -E'
ac_cv_sizeof_unsigned_int=4
ac_cv_sizeof_unsigned_long=8
ac_cv_sizeof_unsigned_short=2
ac_cv_struct_sockaddr_ll=yes
ac_cv_struct_tm=time.h
ac_cv_type_pid_t=yes
ac_cv_type_signal=void
ac_cv_type_unsigned_int=yes
ac_cv_type_unsigned_long=yes
ac_cv_type_unsigned_short=yes
rpppoe_cv_pack_bitfields=rev

## ----------------- ##
## Output variables. ##
## ----------------- ##

CC='gcc'
CFLAGS='-g -O2 -Wall -Wstrict-prototypes -ansi'
CPP='gcc -E'
CPPFLAGS=''
DEFS='-DHAVE_CONFIG_H'
ECHO='/bin/echo'
ECHO_C=''
ECHO_N='-n'
ECHO_T=''
EGREP='grep -E'
EXEEXT=''
ID='/usr/bin/id'
INSTALL_DATA='${INSTALL} -m 644'
INSTALL_PROGRAM='${INSTALL}'
INSTALL_SCRIPT='${INSTALL}'
LDFLAGS=''
LIBEVENT='../libevent'
LIBOBJS=''
LIBS=''
LIC_DEFINE=''
LIC_INCDIR=''
LIC_LIB=''
LIC_LIBDIR=''
LIC_MAKEFILE_INCLUDE=''
LINUX_KERNELMODE_PLUGIN=''
LTLIBOBJS=''
OBJEXT='o'
PACKAGE_BUGREPORT=''
PACKAGE_NAME=''
PACKAGE_STRING=''
PACKAGE_TARNAME=''
PACKAGE_VERSION=''
PATH_SEPARATOR=':'
PPPD='/usr/sbin/pppd'
PPPD_H=''
PPPD_INCDIR=''
PPPOE_RELAY='pppoe-relay'
PPPOE_SERVER_DEPS=''
RANLIB='ranlib'
RDYNAMIC=''
SETSID='/usr/bin/setsid'
SHELL='/bin/sh'
TARGETS='pppoe pppoe-server pppoe-sniff pppoe-relay'
WRAPPER='/usr/sbin/pppoe-wrapper'
ac_ct_CC='gcc'
ac_ct_RANLIB='ranlib'
bindir='${exec_prefix}/bin'
build_alias=''
datadir='${prefix}/share'
datadir_evaluated='/usr/share'
exec_prefix='${prefix}'
host_alias=''
includedir='${prefix}/include'
infodir='${prefix}/info'
libdir='${exec_prefix}/lib'
libexecdir='${exec_prefix}/libexec'
localstatedir='${prefix}/var'
mandir='${prefix}/man'
oldincludedir='/usr/include'
prefix='/usr'
program_transform_name='s,x,x,'
sbindir='${exec_prefix}/sbin'
sharedstatedir='${prefix}/com'
sysconfdir='${prefix}/etc'
target_alias=''

## ----------- ##
## confdefs.h. ##
## ----------- ##

#define DEBUGGING_ENABLED 1
#define HAVE_ASM_TYPES_H 1
#define HAVE_FCNTL_H 1
#define HAVE_FCNTL_H 1
#define HAVE_GETOPT_H 1
#define HAVE_INTTYPES_H 1
#define HAVE_LINUX_IF_ETHER_H 1
#define HAVE_LINUX_IF_H 1
#define HAVE_LINUX_IF_PACKET_H 1
#define HAVE_LINUX_IF_PPPOX_H 1
#define HAVE_MEMORY_H 1
#define HAVE_NETINET_IF_ETHER_H 1
#define HAVE_NETINET_IF_ETHER_H 1
#define HAVE_NETPACKET_PACKET_H 1
#define HAVE_NET_ETHERNET_H 1
#define HAVE_NET_IF_ARP_H 1
#define HAVE_NET_IF_H 1
#define HAVE_N_HDLC 1
#define HAVE_SELECT 1
#define HAVE_SOCKET 1
#define HAVE_STDINT_H 1
#define HAVE_STDLIB_H 1
#define HAVE_STRERROR 1
#define HAVE_STRINGS_H 1
#define HAVE_STRING_H 1
#define HAVE_STRTOL 1
#define HAVE_STRUCT_SOCKADDR_LL 1
#define HAVE_SYSLOG_H 1
#define HAVE_SYS_CDEFS_H 1
#define HAVE_SYS_IOCTL_H 1
#define HAVE_SYS_PARAM_H 1
#define HAVE_SYS_SOCKET_H 1
#define HAVE_SYS_STAT_H 1
#define HAVE_SYS_TIME_H 1
#define HAVE_SYS_TYPES_H 1
#define HAVE_SYS_UIO_H 1
#define HAVE_SYS_WAIT_H 1
#define HAVE_UNISTD_H 1
#define HAVE_UNISTD_H 1
#define PACKAGE_BUGREPORT ""
#define PACKAGE_NAME ""
#define PACKAGE_STRING ""
#define PACKAGE_TARNAME ""
#define PACKAGE_VERSION ""
#define PACK_BITFIELDS_REVERSED 1
#define PROTOTYPES 1
#define RETSIGTYPE void
#define SIZEOF_UNSIGNED_INT 4
#define SIZEOF_UNSIGNED_LONG 8
#define SIZEOF_UNSIGNED_SHORT 2
#define STDC_HEADERS 1
#define TIME_WITH_SYS_TIME 1
#define __PROTOTYPES 1

configure: exit 0
